  data_analyzer.cpp
D:\VS2019 IDE\VC\Tools\MSVC\14.24.28314\include\FL\x.H(37,14): fatal error C1083: 无法打开包括文件: “X11/Xlib.h”: No such file or directory
  data_reader.cpp
D:\VS2019 IDE\VC\Tools\MSVC\14.24.28314\include\FL\x.H(37,14): fatal error C1083: 无法打开包括文件: “X11/Xlib.h”: No such file or directory
  Graph.cpp
D:\VS2019 IDE\VC\Tools\MSVC\14.24.28314\include\FL\x.H(37,14): fatal error C1083: 无法打开包括文件: “X11/Xlib.h”: No such file or directory
  GUI.cpp
D:\VS2019 IDE\VC\Tools\MSVC\14.24.28314\include\FL\x.H(37,14): fatal error C1083: 无法打开包括文件: “X11/Xlib.h”: No such file or directory
  Simple_window.cpp
D:\VS2019 IDE\VC\Tools\MSVC\14.24.28314\include\FL\x.H(37,14): fatal error C1083: 无法打开包括文件: “X11/Xlib.h”: No such file or directory
  Window.cpp
D:\VS2019 IDE\VC\Tools\MSVC\14.24.28314\include\FL\x.H(37,14): fatal error C1083: 无法打开包括文件: “X11/Xlib.h”: No such file or directory
  demo.cpp
D:\VS2019 IDE\VC\Tools\MSVC\14.24.28314\include\FL\x.H(37,14): fatal error C1083: 无法打开包括文件: “X11/Xlib.h”: No such file or directory
  nn_functions.cpp
E:\Project\C++\PSP-Final\PSP_Big_Homework\PSP-Final\nn\nn_functions.cpp(98,19): warning C4267: “初始化”: 从“size_t”转换到“int”，可能丢失数据
E:\Project\C++\PSP-Final\PSP_Big_Homework\PSP-Final\nn\nn_functions.cpp(122,21): warning C4267: “初始化”: 从“size_t”转换到“int”，可能丢失数据
  nn_grad.cpp
  nn_matrix.cpp
  nn_module.cpp
E:\Project\C++\PSP-Final\PSP_Big_Homework\PSP-Final\nn\nn_module.cpp(19,66): warning C4267: “参数”: 从“size_t”转换到“int”，可能丢失数据
E:\Project\C++\PSP-Final\PSP_Big_Homework\PSP-Final\nn\nn_module.cpp(36,61): warning C4267: “参数”: 从“size_t”转换到“int”，可能丢失数据
E:\Project\C++\PSP-Final\PSP_Big_Homework\PSP-Final\nn\nn_module.cpp(120,61): warning C4267: “参数”: 从“size_t”转换到“int”，可能丢失数据
  nn_tensor.cpp
E:\Project\C++\PSP-Final\PSP_Big_Homework\PSP-Final\nn\nn_tensor.cpp(14,24): warning C4267: “初始化”: 从“size_t”转换到“int”，可能丢失数据
  nn_var.cpp
E:\Project\C++\PSP-Final\PSP_Big_Homework\PSP-Final\nn\nn_var.cpp(373,41): warning C4267: “参数”: 从“size_t”转换到“int”，可能丢失数据
  show_data.cpp
D:\VS2019 IDE\VC\Tools\MSVC\14.24.28314\include\FL\x.H(37,14): fatal error C1083: 无法打开包括文件: “X11/Xlib.h”: No such file or directory
  正在生成代码...
