  data_analyzer.cpp
E:\Project\C++\PSP-Final\PSP_Big_Homework\PSP-Final\fltk\Graph.h(45,26): warning C4305: “初始化”: 从“Graph_lib::Color::Transparency”到“char”截断
E:\Project\C++\PSP-Final\PSP_Big_Homework\PSP-Final\fltk\Graph.h(45,46): warning C4309: “初始化”: 截断常量值
E:\Project\C++\PSP-Final\PSP_Big_Homework\PSP-Final\fltk\Graph.h(47,19): warning C4305: “初始化”: 从“Graph_lib::Color::Transparency”到“char”截断
E:\Project\C++\PSP-Final\PSP_Big_Homework\PSP-Final\fltk\Graph.h(47,39): warning C4309: “初始化”: 截断常量值
E:\Project\C++\PSP-Final\PSP_Big_Homework\PSP-Final\graph_utils.h(67,26): warning C4244: “参数”: 从“const double”转换到“int”，可能丢失数据
E:\Project\C++\PSP-Final\PSP_Big_Homework\PSP-Final\graph_utils.h(67,22): warning C4244: “参数”: 从“const double”转换到“int”，可能丢失数据
E:\Project\C++\PSP-Final\PSP_Big_Homework\PSP-Final\graph_utils.h(71,11): warning C4244: “参数”: 从“double”转换到“int”，可能丢失数据
E:\Project\C++\PSP-Final\PSP_Big_Homework\PSP-Final\graph_utils.h(70,26): warning C4244: “参数”: 从“double”转换到“int”，可能丢失数据
E:\Project\C++\PSP-Final\PSP_Big_Homework\PSP-Final\graph_utils.h(80,8): warning C4244: “参数”: 从“double”转换到“int”，可能丢失数据
E:\Project\C++\PSP-Final\PSP_Big_Homework\PSP-Final\graph_utils.h(79,73): warning C4244: “参数”: 从“double”转换到“int”，可能丢失数据
E:\Project\C++\PSP-Final\PSP_Big_Homework\PSP-Final\graph_utils.h(133,26): warning C4244: “参数”: 从“double”转换到“int”，可能丢失数据
E:\Project\C++\PSP-Final\PSP_Big_Homework\PSP-Final\graph_utils.h(133,19): warning C4244: “参数”: 从“const double”转换到“int”，可能丢失数据
E:\Project\C++\PSP-Final\PSP_Big_Homework\PSP-Final\graph_utils.h(133,15): warning C4244: “参数”: 从“const double”转换到“int”，可能丢失数据
E:\Project\C++\PSP-Final\PSP_Big_Homework\PSP-Final\graph_utils.h(133,11): warning C4244: “参数”: 从“const double”转换到“int”，可能丢失数据
E:\Project\C++\PSP-Final\PSP_Big_Homework\PSP-Final\graph_utils.h(134,28): warning C4244: “参数”: 从“const double”转换到“int”，可能丢失数据
E:\Project\C++\PSP-Final\PSP_Big_Homework\PSP-Final\graph_utils.h(134,22): warning C4244: “参数”: 从“double”转换到“int”，可能丢失数据
E:\Project\C++\PSP-Final\PSP_Big_Homework\PSP-Final\graph_utils.h(134,15): warning C4244: “参数”: 从“const double”转换到“int”，可能丢失数据
E:\Project\C++\PSP-Final\PSP_Big_Homework\PSP-Final\graph_utils.h(134,11): warning C4244: “参数”: 从“const double”转换到“int”，可能丢失数据
E:\Project\C++\PSP-Final\PSP_Big_Homework\PSP-Final\graph_utils.h(137,44): warning C4244: “参数”: 从“double”转换到“int”，可能丢失数据
E:\Project\C++\PSP-Final\PSP_Big_Homework\PSP-Final\graph_utils.h(137,35): warning C4244: “参数”: 从“double”转换到“int”，可能丢失数据
E:\Project\C++\PSP-Final\PSP_Big_Homework\PSP-Final\graph_utils.h(138,49): warning C4244: “参数”: 从“double”转换到“int”，可能丢失数据
E:\Project\C++\PSP-Final\PSP_Big_Homework\PSP-Final\graph_utils.h(138,35): warning C4244: “参数”: 从“double”转换到“int”，可能丢失数据
E:\Project\C++\PSP-Final\PSP_Big_Homework\PSP-Final\graph_utils.h(143,61): warning C4244: “参数”: 从“double”转换到“int”，可能丢失数据
E:\Project\C++\PSP-Final\PSP_Big_Homework\PSP-Final\graph_utils.h(143,40): warning C4244: “参数”: 从“double”转换到“int”，可能丢失数据
E:\Project\C++\PSP-Final\PSP_Big_Homework\PSP-Final\graph_utils.h(143,33): warning C4244: “参数”: 从“const double”转换到“int”，可能丢失数据
E:\Project\C++\PSP-Final\PSP_Big_Homework\PSP-Final\graph_utils.h(143,15): warning C4244: “参数”: 从“double”转换到“int”，可能丢失数据
E:\Project\C++\PSP-Final\PSP_Big_Homework\PSP-Final\graph_utils.h(144,56): warning C4244: “参数”: 从“double”转换到“int”，可能丢失数据
E:\Project\C++\PSP-Final\PSP_Big_Homework\PSP-Final\graph_utils.h(144,48): warning C4244: “参数”: 从“double”转换到“int”，可能丢失数据
E:\Project\C++\PSP-Final\PSP_Big_Homework\PSP-Final\graph_utils.h(149,40): warning C4244: “参数”: 从“double”转换到“int”，可能丢失数据
E:\Project\C++\PSP-Final\PSP_Big_Homework\PSP-Final\graph_utils.h(149,32): warning C4244: “参数”: 从“double”转换到“int”，可能丢失数据
E:\Project\C++\PSP-Final\PSP_Big_Homework\PSP-Final\graph_utils.h(149,19): warning C4244: “参数”: 从“double”转换到“int”，可能丢失数据
E:\Project\C++\PSP-Final\PSP_Big_Homework\PSP-Final\graph_utils.h(149,12): warning C4244: “参数”: 从“const double”转换到“int”，可能丢失数据
E:\Project\C++\PSP-Final\PSP_Big_Homework\PSP-Final\graph_utils.h(150,49): warning C4244: “参数”: 从“double”转换到“int”，可能丢失数据
E:\Project\C++\PSP-Final\PSP_Big_Homework\PSP-Final\graph_utils.h(150,31): warning C4244: “参数”: 从“double”转换到“int”，可能丢失数据
E:\Project\C++\PSP-Final\PSP_Big_Homework\PSP-Final\graph_utils.h(157,22): warning C4018: “<”: 有符号/无符号不匹配
E:\Project\C++\PSP-Final\PSP_Big_Homework\PSP-Final\graph_utils.h(166,26): warning C4244: “参数”: 从“double”转换到“int”，可能丢失数据
E:\Project\C++\PSP-Final\PSP_Big_Homework\PSP-Final\graph_utils.h(166,21): warning C4244: “参数”: 从“double”转换到“int”，可能丢失数据
E:\Project\C++\PSP-Final\PSP_Big_Homework\PSP-Final\graph_utils.h(166,17): warning C4244: “参数”: 从“double”转换到“int”，可能丢失数据
E:\Project\C++\PSP-Final\PSP_Big_Homework\PSP-Final\graph_utils.h(166,13): warning C4244: “参数”: 从“double”转换到“int”，可能丢失数据
E:\Project\C++\PSP-Final\PSP_Big_Homework\PSP-Final\graph_utils.h(171,42): warning C4244: “参数”: 从“double”转换到“int”，可能丢失数据
E:\Project\C++\PSP-Final\PSP_Big_Homework\PSP-Final\graph_utils.h(171,34): warning C4244: “参数”: 从“double”转换到“int”，可能丢失数据
E:\Project\C++\PSP-Final\PSP_Big_Homework\PSP-Final\graph_utils.h(174,44): warning C4244: “参数”: 从“double”转换到“int”，可能丢失数据
E:\Project\C++\PSP-Final\PSP_Big_Homework\PSP-Final\graph_utils.h(174,35): warning C4244: “参数”: 从“double”转换到“int”，可能丢失数据
E:\Project\C++\PSP-Final\PSP_Big_Homework\PSP-Final\graph_utils.h(183,37): warning C4244: “参数”: 从“double”转换到“int”，可能丢失数据
E:\Project\C++\PSP-Final\PSP_Big_Homework\PSP-Final\graph_utils.h(183,19): warning C4244: “参数”: 从“double”转换到“int”，可能丢失数据
E:\Project\C++\PSP-Final\PSP_Big_Homework\PSP-Final\graph_utils.h(182,39): warning C4244: “参数”: 从“double”转换到“int”，可能丢失数据
E:\Project\C++\PSP-Final\PSP_Big_Homework\PSP-Final\graph_utils.h(182,21): warning C4244: “参数”: 从“double”转换到“int”，可能丢失数据
E:\Project\C++\PSP-Final\PSP_Big_Homework\PSP-Final\graph_utils.h(186,32): warning C4244: “参数”: 从“double”转换到“int”，可能丢失数据
E:\Project\C++\PSP-Final\PSP_Big_Homework\PSP-Final\graph_utils.h(185,45): warning C4244: “参数”: 从“double”转换到“int”，可能丢失数据
E:\Project\C++\PSP-Final\PSP_Big_Homework\PSP-Final\graph_utils.h(239,21): warning C4018: “<”: 有符号/无符号不匹配
E:\Project\C++\PSP-Final\PSP_Big_Homework\PSP-Final\graph_utils.h(246,8): warning C4244: “参数”: 从“_Ty1”转换到“int”，可能丢失数据
          with
          [
              _Ty1=double
          ]
E:\Project\C++\PSP-Final\PSP_Big_Homework\PSP-Final\graph_utils.h(253,49): warning C4244: “参数”: 从“_Ty1”转换到“int”，可能丢失数据
          with
          [
              _Ty1=double
          ]
E:\Project\C++\PSP-Final\PSP_Big_Homework\PSP-Final\graph_utils.h(259,21): warning C4018: “<”: 有符号/无符号不匹配
E:\Project\C++\PSP-Final\PSP_Big_Homework\PSP-Final\graph_utils.h(326,30): warning C4018: “<”: 有符号/无符号不匹配
E:\Project\C++\PSP-Final\PSP_Big_Homework\PSP-Final\graph_utils.h(330,24): warning C4244: “参数”: 从“_Ty2”转换到“int”，可能丢失数据
          with
          [
              _Ty2=double
          ]
E:\Project\C++\PSP-Final\PSP_Big_Homework\PSP-Final\graph_utils.h(329,56): warning C4244: “参数”: 从“const _Ty1”转换到“int”，可能丢失数据
          with
          [
              _Ty1=const double
          ]
E:\Project\C++\PSP-Final\PSP_Big_Homework\PSP-Final\graph_utils.h(334,49): warning C4244: “参数”: 从“double”转换到“int”，可能丢失数据
E:\Project\C++\PSP-Final\PSP_Big_Homework\PSP-Final\graph_utils.h(333,55): warning C4244: “参数”: 从“const _Ty1”转换到“int”，可能丢失数据
          with
          [
              _Ty1=const double
          ]
E:\Project\C++\PSP-Final\PSP_Big_Homework\PSP-Final\graph_utils.h(345,37): warning C4244: “参数”: 从“double”转换到“int”，可能丢失数据
E:\Project\C++\PSP-Final\PSP_Big_Homework\PSP-Final\graph_utils.h(345,19): warning C4244: “参数”: 从“double”转换到“int”，可能丢失数据
E:\Project\C++\PSP-Final\PSP_Big_Homework\PSP-Final\graph_utils.h(344,39): warning C4244: “参数”: 从“double”转换到“int”，可能丢失数据
E:\Project\C++\PSP-Final\PSP_Big_Homework\PSP-Final\graph_utils.h(344,21): warning C4244: “参数”: 从“double”转换到“int”，可能丢失数据
E:\Project\C++\PSP-Final\PSP_Big_Homework\PSP-Final\graph_utils.h(348,32): warning C4244: “参数”: 从“double”转换到“int”，可能丢失数据
E:\Project\C++\PSP-Final\PSP_Big_Homework\PSP-Final\graph_utils.h(347,45): warning C4244: “参数”: 从“double”转换到“int”，可能丢失数据
E:\Project\C++\PSP-Final\PSP_Big_Homework\PSP-Final\graph_utils.h(356,27): warning C4244: “参数”: 从“double”转换到“int”，可能丢失数据
E:\Project\C++\PSP-Final\PSP_Big_Homework\PSP-Final\graph_utils.h(356,20): warning C4244: “参数”: 从“const double”转换到“int”，可能丢失数据
E:\Project\C++\PSP-Final\PSP_Big_Homework\PSP-Final\graph_utils.h(356,16): warning C4244: “参数”: 从“const double”转换到“int”，可能丢失数据
E:\Project\C++\PSP-Final\PSP_Big_Homework\PSP-Final\graph_utils.h(356,12): warning C4244: “参数”: 从“const double”转换到“int”，可能丢失数据
E:\Project\C++\PSP-Final\PSP_Big_Homework\PSP-Final\graph_utils.h(357,29): warning C4244: “参数”: 从“const double”转换到“int”，可能丢失数据
E:\Project\C++\PSP-Final\PSP_Big_Homework\PSP-Final\graph_utils.h(357,23): warning C4244: “参数”: 从“double”转换到“int”，可能丢失数据
E:\Project\C++\PSP-Final\PSP_Big_Homework\PSP-Final\graph_utils.h(357,16): warning C4244: “参数”: 从“const double”转换到“int”，可能丢失数据
E:\Project\C++\PSP-Final\PSP_Big_Homework\PSP-Final\graph_utils.h(357,12): warning C4244: “参数”: 从“const double”转换到“int”，可能丢失数据
E:\Project\C++\PSP-Final\PSP_Big_Homework\PSP-Final\graph_utils.h(359,53): warning C4244: “参数”: 从“double”转换到“int”，可能丢失数据
E:\Project\C++\PSP-Final\PSP_Big_Homework\PSP-Final\graph_utils.h(359,44): warning C4244: “参数”: 从“double”转换到“int”，可能丢失数据
E:\Project\C++\PSP-Final\PSP_Big_Homework\PSP-Final\graph_utils.h(364,46): warning C4244: “参数”: 从“double”转换到“int”，可能丢失数据
E:\Project\C++\PSP-Final\PSP_Big_Homework\PSP-Final\graph_utils.h(364,33): warning C4244: “参数”: 从“double”转换到“int”，可能丢失数据
E:\Project\C++\PSP-Final\PSP_Big_Homework\PSP-Final\graph_utils.h(364,26): warning C4244: “参数”: 从“const double”转换到“int”，可能丢失数据
E:\Project\C++\PSP-Final\PSP_Big_Homework\PSP-Final\graph_utils.h(364,16): warning C4244: “参数”: 从“double”转换到“int”，可能丢失数据
E:\Project\C++\PSP-Final\PSP_Big_Homework\PSP-Final\graph_utils.h(365,49): warning C4244: “参数”: 从“double”转换到“int”，可能丢失数据
E:\Project\C++\PSP-Final\PSP_Big_Homework\PSP-Final\graph_utils.h(365,41): warning C4244: “参数”: 从“double”转换到“int”，可能丢失数据
E:\Project\C++\PSP-Final\PSP_Big_Homework\PSP-Final\graph_utils.h(370,41): warning C4244: “参数”: 从“double”转换到“int”，可能丢失数据
E:\Project\C++\PSP-Final\PSP_Big_Homework\PSP-Final\graph_utils.h(370,33): warning C4244: “参数”: 从“double”转换到“int”，可能丢失数据
E:\Project\C++\PSP-Final\PSP_Big_Homework\PSP-Final\graph_utils.h(370,20): warning C4244: “参数”: 从“double”转换到“int”，可能丢失数据
E:\Project\C++\PSP-Final\PSP_Big_Homework\PSP-Final\graph_utils.h(370,13): warning C4244: “参数”: 从“const double”转换到“int”，可能丢失数据
E:\Project\C++\PSP-Final\PSP_Big_Homework\PSP-Final\graph_utils.h(371,50): warning C4244: “参数”: 从“double”转换到“int”，可能丢失数据
E:\Project\C++\PSP-Final\PSP_Big_Homework\PSP-Final\graph_utils.h(371,32): warning C4244: “参数”: 从“double”转换到“int”，可能丢失数据
  data_reader.cpp
E:\Project\C++\PSP-Final\PSP_Big_Homework\PSP-Final\fltk\Graph.h(45,26): warning C4305: “初始化”: 从“Graph_lib::Color::Transparency”到“char”截断
E:\Project\C++\PSP-Final\PSP_Big_Homework\PSP-Final\fltk\Graph.h(45,46): warning C4309: “初始化”: 截断常量值
E:\Project\C++\PSP-Final\PSP_Big_Homework\PSP-Final\fltk\Graph.h(47,19): warning C4305: “初始化”: 从“Graph_lib::Color::Transparency”到“char”截断
E:\Project\C++\PSP-Final\PSP_Big_Homework\PSP-Final\fltk\Graph.h(47,39): warning C4309: “初始化”: 截断常量值
E:\Project\C++\PSP-Final\PSP_Big_Homework\PSP-Final\graph_utils.h(67,26): warning C4244: “参数”: 从“const double”转换到“int”，可能丢失数据
E:\Project\C++\PSP-Final\PSP_Big_Homework\PSP-Final\graph_utils.h(67,22): warning C4244: “参数”: 从“const double”转换到“int”，可能丢失数据
E:\Project\C++\PSP-Final\PSP_Big_Homework\PSP-Final\graph_utils.h(71,11): warning C4244: “参数”: 从“double”转换到“int”，可能丢失数据
E:\Project\C++\PSP-Final\PSP_Big_Homework\PSP-Final\graph_utils.h(70,26): warning C4244: “参数”: 从“double”转换到“int”，可能丢失数据
E:\Project\C++\PSP-Final\PSP_Big_Homework\PSP-Final\graph_utils.h(80,8): warning C4244: “参数”: 从“double”转换到“int”，可能丢失数据
E:\Project\C++\PSP-Final\PSP_Big_Homework\PSP-Final\graph_utils.h(79,73): warning C4244: “参数”: 从“double”转换到“int”，可能丢失数据
E:\Project\C++\PSP-Final\PSP_Big_Homework\PSP-Final\graph_utils.h(133,26): warning C4244: “参数”: 从“double”转换到“int”，可能丢失数据
E:\Project\C++\PSP-Final\PSP_Big_Homework\PSP-Final\graph_utils.h(133,19): warning C4244: “参数”: 从“const double”转换到“int”，可能丢失数据
E:\Project\C++\PSP-Final\PSP_Big_Homework\PSP-Final\graph_utils.h(133,15): warning C4244: “参数”: 从“const double”转换到“int”，可能丢失数据
E:\Project\C++\PSP-Final\PSP_Big_Homework\PSP-Final\graph_utils.h(133,11): warning C4244: “参数”: 从“const double”转换到“int”，可能丢失数据
E:\Project\C++\PSP-Final\PSP_Big_Homework\PSP-Final\graph_utils.h(134,28): warning C4244: “参数”: 从“const double”转换到“int”，可能丢失数据
E:\Project\C++\PSP-Final\PSP_Big_Homework\PSP-Final\graph_utils.h(134,22): warning C4244: “参数”: 从“double”转换到“int”，可能丢失数据
E:\Project\C++\PSP-Final\PSP_Big_Homework\PSP-Final\graph_utils.h(134,15): warning C4244: “参数”: 从“const double”转换到“int”，可能丢失数据
E:\Project\C++\PSP-Final\PSP_Big_Homework\PSP-Final\graph_utils.h(134,11): warning C4244: “参数”: 从“const double”转换到“int”，可能丢失数据
E:\Project\C++\PSP-Final\PSP_Big_Homework\PSP-Final\graph_utils.h(137,44): warning C4244: “参数”: 从“double”转换到“int”，可能丢失数据
E:\Project\C++\PSP-Final\PSP_Big_Homework\PSP-Final\graph_utils.h(137,35): warning C4244: “参数”: 从“double”转换到“int”，可能丢失数据
E:\Project\C++\PSP-Final\PSP_Big_Homework\PSP-Final\graph_utils.h(138,49): warning C4244: “参数”: 从“double”转换到“int”，可能丢失数据
E:\Project\C++\PSP-Final\PSP_Big_Homework\PSP-Final\graph_utils.h(138,35): warning C4244: “参数”: 从“double”转换到“int”，可能丢失数据
E:\Project\C++\PSP-Final\PSP_Big_Homework\PSP-Final\graph_utils.h(143,61): warning C4244: “参数”: 从“double”转换到“int”，可能丢失数据
E:\Project\C++\PSP-Final\PSP_Big_Homework\PSP-Final\graph_utils.h(143,40): warning C4244: “参数”: 从“double”转换到“int”，可能丢失数据
E:\Project\C++\PSP-Final\PSP_Big_Homework\PSP-Final\graph_utils.h(143,33): warning C4244: “参数”: 从“const double”转换到“int”，可能丢失数据
E:\Project\C++\PSP-Final\PSP_Big_Homework\PSP-Final\graph_utils.h(143,15): warning C4244: “参数”: 从“double”转换到“int”，可能丢失数据
E:\Project\C++\PSP-Final\PSP_Big_Homework\PSP-Final\graph_utils.h(144,56): warning C4244: “参数”: 从“double”转换到“int”，可能丢失数据
E:\Project\C++\PSP-Final\PSP_Big_Homework\PSP-Final\graph_utils.h(144,48): warning C4244: “参数”: 从“double”转换到“int”，可能丢失数据
E:\Project\C++\PSP-Final\PSP_Big_Homework\PSP-Final\graph_utils.h(149,40): warning C4244: “参数”: 从“double”转换到“int”，可能丢失数据
E:\Project\C++\PSP-Final\PSP_Big_Homework\PSP-Final\graph_utils.h(149,32): warning C4244: “参数”: 从“double”转换到“int”，可能丢失数据
E:\Project\C++\PSP-Final\PSP_Big_Homework\PSP-Final\graph_utils.h(149,19): warning C4244: “参数”: 从“double”转换到“int”，可能丢失数据
E:\Project\C++\PSP-Final\PSP_Big_Homework\PSP-Final\graph_utils.h(149,12): warning C4244: “参数”: 从“const double”转换到“int”，可能丢失数据
E:\Project\C++\PSP-Final\PSP_Big_Homework\PSP-Final\graph_utils.h(150,49): warning C4244: “参数”: 从“double”转换到“int”，可能丢失数据
E:\Project\C++\PSP-Final\PSP_Big_Homework\PSP-Final\graph_utils.h(150,31): warning C4244: “参数”: 从“double”转换到“int”，可能丢失数据
E:\Project\C++\PSP-Final\PSP_Big_Homework\PSP-Final\graph_utils.h(157,22): warning C4018: “<”: 有符号/无符号不匹配
E:\Project\C++\PSP-Final\PSP_Big_Homework\PSP-Final\graph_utils.h(166,26): warning C4244: “参数”: 从“double”转换到“int”，可能丢失数据
E:\Project\C++\PSP-Final\PSP_Big_Homework\PSP-Final\graph_utils.h(166,21): warning C4244: “参数”: 从“double”转换到“int”，可能丢失数据
E:\Project\C++\PSP-Final\PSP_Big_Homework\PSP-Final\graph_utils.h(166,17): warning C4244: “参数”: 从“double”转换到“int”，可能丢失数据
E:\Project\C++\PSP-Final\PSP_Big_Homework\PSP-Final\graph_utils.h(166,13): warning C4244: “参数”: 从“double”转换到“int”，可能丢失数据
E:\Project\C++\PSP-Final\PSP_Big_Homework\PSP-Final\graph_utils.h(171,42): warning C4244: “参数”: 从“double”转换到“int”，可能丢失数据
E:\Project\C++\PSP-Final\PSP_Big_Homework\PSP-Final\graph_utils.h(171,34): warning C4244: “参数”: 从“double”转换到“int”，可能丢失数据
E:\Project\C++\PSP-Final\PSP_Big_Homework\PSP-Final\graph_utils.h(174,44): warning C4244: “参数”: 从“double”转换到“int”，可能丢失数据
E:\Project\C++\PSP-Final\PSP_Big_Homework\PSP-Final\graph_utils.h(174,35): warning C4244: “参数”: 从“double”转换到“int”，可能丢失数据
E:\Project\C++\PSP-Final\PSP_Big_Homework\PSP-Final\graph_utils.h(183,37): warning C4244: “参数”: 从“double”转换到“int”，可能丢失数据
E:\Project\C++\PSP-Final\PSP_Big_Homework\PSP-Final\graph_utils.h(183,19): warning C4244: “参数”: 从“double”转换到“int”，可能丢失数据
E:\Project\C++\PSP-Final\PSP_Big_Homework\PSP-Final\graph_utils.h(182,39): warning C4244: “参数”: 从“double”转换到“int”，可能丢失数据
E:\Project\C++\PSP-Final\PSP_Big_Homework\PSP-Final\graph_utils.h(182,21): warning C4244: “参数”: 从“double”转换到“int”，可能丢失数据
E:\Project\C++\PSP-Final\PSP_Big_Homework\PSP-Final\graph_utils.h(186,32): warning C4244: “参数”: 从“double”转换到“int”，可能丢失数据
E:\Project\C++\PSP-Final\PSP_Big_Homework\PSP-Final\graph_utils.h(185,45): warning C4244: “参数”: 从“double”转换到“int”，可能丢失数据
E:\Project\C++\PSP-Final\PSP_Big_Homework\PSP-Final\graph_utils.h(239,21): warning C4018: “<”: 有符号/无符号不匹配
E:\Project\C++\PSP-Final\PSP_Big_Homework\PSP-Final\graph_utils.h(246,8): warning C4244: “参数”: 从“_Ty1”转换到“int”，可能丢失数据
          with
          [
              _Ty1=double
          ]
E:\Project\C++\PSP-Final\PSP_Big_Homework\PSP-Final\graph_utils.h(253,49): warning C4244: “参数”: 从“_Ty1”转换到“int”，可能丢失数据
          with
          [
              _Ty1=double
          ]
E:\Project\C++\PSP-Final\PSP_Big_Homework\PSP-Final\graph_utils.h(259,21): warning C4018: “<”: 有符号/无符号不匹配
E:\Project\C++\PSP-Final\PSP_Big_Homework\PSP-Final\graph_utils.h(326,30): warning C4018: “<”: 有符号/无符号不匹配
E:\Project\C++\PSP-Final\PSP_Big_Homework\PSP-Final\graph_utils.h(330,24): warning C4244: “参数”: 从“_Ty2”转换到“int”，可能丢失数据
          with
          [
              _Ty2=double
          ]
E:\Project\C++\PSP-Final\PSP_Big_Homework\PSP-Final\graph_utils.h(329,56): warning C4244: “参数”: 从“const _Ty1”转换到“int”，可能丢失数据
          with
          [
              _Ty1=const double
          ]
E:\Project\C++\PSP-Final\PSP_Big_Homework\PSP-Final\graph_utils.h(334,49): warning C4244: “参数”: 从“double”转换到“int”，可能丢失数据
E:\Project\C++\PSP-Final\PSP_Big_Homework\PSP-Final\graph_utils.h(333,55): warning C4244: “参数”: 从“const _Ty1”转换到“int”，可能丢失数据
          with
          [
              _Ty1=const double
          ]
E:\Project\C++\PSP-Final\PSP_Big_Homework\PSP-Final\graph_utils.h(345,37): warning C4244: “参数”: 从“double”转换到“int”，可能丢失数据
E:\Project\C++\PSP-Final\PSP_Big_Homework\PSP-Final\graph_utils.h(345,19): warning C4244: “参数”: 从“double”转换到“int”，可能丢失数据
E:\Project\C++\PSP-Final\PSP_Big_Homework\PSP-Final\graph_utils.h(344,39): warning C4244: “参数”: 从“double”转换到“int”，可能丢失数据
E:\Project\C++\PSP-Final\PSP_Big_Homework\PSP-Final\graph_utils.h(344,21): warning C4244: “参数”: 从“double”转换到“int”，可能丢失数据
E:\Project\C++\PSP-Final\PSP_Big_Homework\PSP-Final\graph_utils.h(348,32): warning C4244: “参数”: 从“double”转换到“int”，可能丢失数据
E:\Project\C++\PSP-Final\PSP_Big_Homework\PSP-Final\graph_utils.h(347,45): warning C4244: “参数”: 从“double”转换到“int”，可能丢失数据
E:\Project\C++\PSP-Final\PSP_Big_Homework\PSP-Final\graph_utils.h(356,27): warning C4244: “参数”: 从“double”转换到“int”，可能丢失数据
E:\Project\C++\PSP-Final\PSP_Big_Homework\PSP-Final\graph_utils.h(356,20): warning C4244: “参数”: 从“const double”转换到“int”，可能丢失数据
E:\Project\C++\PSP-Final\PSP_Big_Homework\PSP-Final\graph_utils.h(356,16): warning C4244: “参数”: 从“const double”转换到“int”，可能丢失数据
E:\Project\C++\PSP-Final\PSP_Big_Homework\PSP-Final\graph_utils.h(356,12): warning C4244: “参数”: 从“const double”转换到“int”，可能丢失数据
E:\Project\C++\PSP-Final\PSP_Big_Homework\PSP-Final\graph_utils.h(357,29): warning C4244: “参数”: 从“const double”转换到“int”，可能丢失数据
E:\Project\C++\PSP-Final\PSP_Big_Homework\PSP-Final\graph_utils.h(357,23): warning C4244: “参数”: 从“double”转换到“int”，可能丢失数据
E:\Project\C++\PSP-Final\PSP_Big_Homework\PSP-Final\graph_utils.h(357,16): warning C4244: “参数”: 从“const double”转换到“int”，可能丢失数据
E:\Project\C++\PSP-Final\PSP_Big_Homework\PSP-Final\graph_utils.h(357,12): warning C4244: “参数”: 从“const double”转换到“int”，可能丢失数据
E:\Project\C++\PSP-Final\PSP_Big_Homework\PSP-Final\graph_utils.h(359,53): warning C4244: “参数”: 从“double”转换到“int”，可能丢失数据
E:\Project\C++\PSP-Final\PSP_Big_Homework\PSP-Final\graph_utils.h(359,44): warning C4244: “参数”: 从“double”转换到“int”，可能丢失数据
E:\Project\C++\PSP-Final\PSP_Big_Homework\PSP-Final\graph_utils.h(364,46): warning C4244: “参数”: 从“double”转换到“int”，可能丢失数据
E:\Project\C++\PSP-Final\PSP_Big_Homework\PSP-Final\graph_utils.h(364,33): warning C4244: “参数”: 从“double”转换到“int”，可能丢失数据
E:\Project\C++\PSP-Final\PSP_Big_Homework\PSP-Final\graph_utils.h(364,26): warning C4244: “参数”: 从“const double”转换到“int”，可能丢失数据
E:\Project\C++\PSP-Final\PSP_Big_Homework\PSP-Final\graph_utils.h(364,16): warning C4244: “参数”: 从“double”转换到“int”，可能丢失数据
E:\Project\C++\PSP-Final\PSP_Big_Homework\PSP-Final\graph_utils.h(365,49): warning C4244: “参数”: 从“double”转换到“int”，可能丢失数据
E:\Project\C++\PSP-Final\PSP_Big_Homework\PSP-Final\graph_utils.h(365,41): warning C4244: “参数”: 从“double”转换到“int”，可能丢失数据
E:\Project\C++\PSP-Final\PSP_Big_Homework\PSP-Final\graph_utils.h(370,41): warning C4244: “参数”: 从“double”转换到“int”，可能丢失数据
E:\Project\C++\PSP-Final\PSP_Big_Homework\PSP-Final\graph_utils.h(370,33): warning C4244: “参数”: 从“double”转换到“int”，可能丢失数据
E:\Project\C++\PSP-Final\PSP_Big_Homework\PSP-Final\graph_utils.h(370,20): warning C4244: “参数”: 从“double”转换到“int”，可能丢失数据
E:\Project\C++\PSP-Final\PSP_Big_Homework\PSP-Final\graph_utils.h(370,13): warning C4244: “参数”: 从“const double”转换到“int”，可能丢失数据
E:\Project\C++\PSP-Final\PSP_Big_Homework\PSP-Final\graph_utils.h(371,50): warning C4244: “参数”: 从“double”转换到“int”，可能丢失数据
E:\Project\C++\PSP-Final\PSP_Big_Homework\PSP-Final\graph_utils.h(371,32): warning C4244: “参数”: 从“double”转换到“int”，可能丢失数据
  Graph.cpp
E:\Project\C++\PSP-Final\PSP_Big_Homework\PSP-Final\fltk\Graph.h(45,26): warning C4305: “初始化”: 从“Graph_lib::Color::Transparency”到“char”截断
E:\Project\C++\PSP-Final\PSP_Big_Homework\PSP-Final\fltk\Graph.h(45,46): warning C4309: “初始化”: 截断常量值
E:\Project\C++\PSP-Final\PSP_Big_Homework\PSP-Final\fltk\Graph.h(47,19): warning C4305: “初始化”: 从“Graph_lib::Color::Transparency”到“char”截断
E:\Project\C++\PSP-Final\PSP_Big_Homework\PSP-Final\fltk\Graph.h(47,39): warning C4309: “初始化”: 截断常量值
E:\Project\C++\PSP-Final\PSP_Big_Homework\PSP-Final\fltk\Graph.cpp(65,22): warning C4018: “<”: 有符号/无符号不匹配
E:\Project\C++\PSP-Final\PSP_Big_Homework\PSP-Final\fltk\Graph.cpp(131,26): warning C4244: “=”: 从“_Ty1”转换到“int”，可能丢失数据
          with
          [
              _Ty1=double
          ]
E:\Project\C++\PSP-Final\PSP_Big_Homework\PSP-Final\fltk\Graph.cpp(132,26): warning C4244: “=”: 从“_Ty1”转换到“int”，可能丢失数据
          with
          [
              _Ty1=double
          ]
E:\Project\C++\PSP-Final\PSP_Big_Homework\PSP-Final\fltk\Graph.cpp(399,24): warning C4018: “>=”: 有符号/无符号不匹配
  GUI.cpp
E:\Project\C++\PSP-Final\PSP_Big_Homework\PSP-Final\fltk\Graph.h(45,26): warning C4305: “初始化”: 从“Graph_lib::Color::Transparency”到“char”截断
E:\Project\C++\PSP-Final\PSP_Big_Homework\PSP-Final\fltk\Graph.h(45,46): warning C4309: “初始化”: 截断常量值
E:\Project\C++\PSP-Final\PSP_Big_Homework\PSP-Final\fltk\Graph.h(47,19): warning C4305: “初始化”: 从“Graph_lib::Color::Transparency”到“char”截断
E:\Project\C++\PSP-Final\PSP_Big_Homework\PSP-Final\fltk\Graph.h(47,39): warning C4309: “初始化”: 截断常量值
E:\Project\C++\PSP-Final\PSP_Big_Homework\PSP-Final\fltk\GUI.h(107,39): warning C4018: “<”: 有符号/无符号不匹配
E:\Project\C++\PSP-Final\PSP_Big_Homework\PSP-Final\fltk\GUI.h(112,39): warning C4018: “<”: 有符号/无符号不匹配
E:\Project\C++\PSP-Final\PSP_Big_Homework\PSP-Final\fltk\GUI.h(117,39): warning C4018: “<”: 有符号/无符号不匹配
E:\Project\C++\PSP-Final\PSP_Big_Homework\PSP-Final\fltk\Graph.h(130,1): warning C4018: “<”: 有符号/无符号不匹配
E:\Project\C++\PSP-Final\PSP_Big_Homework\PSP-Final\fltk\Graph.h(130): message : 在编译 类 模板 成员函数“Graph_lib::Vector_ref<Graph_lib::Button>::~Vector_ref(void)”时
E:\Project\C++\PSP-Final\PSP_Big_Homework\PSP-Final\fltk\GUI.h(97): message : 查看对正在编译的函数 模板 实例化“Graph_lib::Vector_ref<Graph_lib::Button>::~Vector_ref(void)”的引用
E:\Project\C++\PSP-Final\PSP_Big_Homework\PSP-Final\fltk\GUI.h(99): message : 查看对正在编译的 类 模板 实例化“Graph_lib::Vector_ref<Graph_lib::Button>”的引用
  Simple_window.cpp
E:\Project\C++\PSP-Final\PSP_Big_Homework\PSP-Final\fltk\Graph.h(45,26): warning C4305: “初始化”: 从“Graph_lib::Color::Transparency”到“char”截断
E:\Project\C++\PSP-Final\PSP_Big_Homework\PSP-Final\fltk\Graph.h(45,46): warning C4309: “初始化”: 截断常量值
E:\Project\C++\PSP-Final\PSP_Big_Homework\PSP-Final\fltk\Graph.h(47,19): warning C4305: “初始化”: 从“Graph_lib::Color::Transparency”到“char”截断
E:\Project\C++\PSP-Final\PSP_Big_Homework\PSP-Final\fltk\Graph.h(47,39): warning C4309: “初始化”: 截断常量值
E:\Project\C++\PSP-Final\PSP_Big_Homework\PSP-Final\fltk\GUI.h(107,39): warning C4018: “<”: 有符号/无符号不匹配
E:\Project\C++\PSP-Final\PSP_Big_Homework\PSP-Final\fltk\GUI.h(112,39): warning C4018: “<”: 有符号/无符号不匹配
E:\Project\C++\PSP-Final\PSP_Big_Homework\PSP-Final\fltk\GUI.h(117,39): warning C4018: “<”: 有符号/无符号不匹配
E:\Project\C++\PSP-Final\PSP_Big_Homework\PSP-Final\fltk\Graph.h(130,1): warning C4018: “<”: 有符号/无符号不匹配
E:\Project\C++\PSP-Final\PSP_Big_Homework\PSP-Final\fltk\Graph.h(130): message : 在编译 类 模板 成员函数“Graph_lib::Vector_ref<Graph_lib::Button>::~Vector_ref(void)”时
E:\Project\C++\PSP-Final\PSP_Big_Homework\PSP-Final\fltk\GUI.h(97): message : 查看对正在编译的函数 模板 实例化“Graph_lib::Vector_ref<Graph_lib::Button>::~Vector_ref(void)”的引用
E:\Project\C++\PSP-Final\PSP_Big_Homework\PSP-Final\fltk\GUI.h(99): message : 查看对正在编译的 类 模板 实例化“Graph_lib::Vector_ref<Graph_lib::Button>”的引用
  Window.cpp
E:\Project\C++\PSP-Final\PSP_Big_Homework\PSP-Final\fltk\Graph.h(45,26): warning C4305: “初始化”: 从“Graph_lib::Color::Transparency”到“char”截断
E:\Project\C++\PSP-Final\PSP_Big_Homework\PSP-Final\fltk\Graph.h(45,46): warning C4309: “初始化”: 截断常量值
E:\Project\C++\PSP-Final\PSP_Big_Homework\PSP-Final\fltk\Graph.h(47,19): warning C4305: “初始化”: 从“Graph_lib::Color::Transparency”到“char”截断
E:\Project\C++\PSP-Final\PSP_Big_Homework\PSP-Final\fltk\Graph.h(47,39): warning C4309: “初始化”: 截断常量值
E:\Project\C++\PSP-Final\PSP_Big_Homework\PSP-Final\fltk\GUI.h(107,39): warning C4018: “<”: 有符号/无符号不匹配
E:\Project\C++\PSP-Final\PSP_Big_Homework\PSP-Final\fltk\GUI.h(112,39): warning C4018: “<”: 有符号/无符号不匹配
E:\Project\C++\PSP-Final\PSP_Big_Homework\PSP-Final\fltk\GUI.h(117,39): warning C4018: “<”: 有符号/无符号不匹配
E:\Project\C++\PSP-Final\PSP_Big_Homework\PSP-Final\fltk\Window.cpp(74,20): warning C4018: “<”: 有符号/无符号不匹配
E:\Project\C++\PSP-Final\PSP_Big_Homework\PSP-Final\fltk\Window.cpp(76,24): warning C4018: “<”: 有符号/无符号不匹配
E:\Project\C++\PSP-Final\PSP_Big_Homework\PSP-Final\fltk\Graph.h(130,1): warning C4018: “<”: 有符号/无符号不匹配
E:\Project\C++\PSP-Final\PSP_Big_Homework\PSP-Final\fltk\Graph.h(130): message : 在编译 类 模板 成员函数“Graph_lib::Vector_ref<Graph_lib::Button>::~Vector_ref(void)”时
E:\Project\C++\PSP-Final\PSP_Big_Homework\PSP-Final\fltk\GUI.h(97): message : 查看对正在编译的函数 模板 实例化“Graph_lib::Vector_ref<Graph_lib::Button>::~Vector_ref(void)”的引用
E:\Project\C++\PSP-Final\PSP_Big_Homework\PSP-Final\fltk\GUI.h(99): message : 查看对正在编译的 类 模板 实例化“Graph_lib::Vector_ref<Graph_lib::Button>”的引用
  demo.cpp
E:\Project\C++\PSP-Final\PSP_Big_Homework\PSP-Final\fltk\Graph.h(45,26): warning C4305: “初始化”: 从“Graph_lib::Color::Transparency”到“char”截断
E:\Project\C++\PSP-Final\PSP_Big_Homework\PSP-Final\fltk\Graph.h(45,46): warning C4309: “初始化”: 截断常量值
E:\Project\C++\PSP-Final\PSP_Big_Homework\PSP-Final\fltk\Graph.h(47,19): warning C4305: “初始化”: 从“Graph_lib::Color::Transparency”到“char”截断
E:\Project\C++\PSP-Final\PSP_Big_Homework\PSP-Final\fltk\Graph.h(47,39): warning C4309: “初始化”: 截断常量值
E:\Project\C++\PSP-Final\PSP_Big_Homework\PSP-Final\graph_utils.h(67,26): warning C4244: “参数”: 从“const double”转换到“int”，可能丢失数据
E:\Project\C++\PSP-Final\PSP_Big_Homework\PSP-Final\graph_utils.h(67,22): warning C4244: “参数”: 从“const double”转换到“int”，可能丢失数据
E:\Project\C++\PSP-Final\PSP_Big_Homework\PSP-Final\graph_utils.h(71,11): warning C4244: “参数”: 从“double”转换到“int”，可能丢失数据
E:\Project\C++\PSP-Final\PSP_Big_Homework\PSP-Final\graph_utils.h(70,26): warning C4244: “参数”: 从“double”转换到“int”，可能丢失数据
E:\Project\C++\PSP-Final\PSP_Big_Homework\PSP-Final\graph_utils.h(80,8): warning C4244: “参数”: 从“double”转换到“int”，可能丢失数据
E:\Project\C++\PSP-Final\PSP_Big_Homework\PSP-Final\graph_utils.h(79,73): warning C4244: “参数”: 从“double”转换到“int”，可能丢失数据
E:\Project\C++\PSP-Final\PSP_Big_Homework\PSP-Final\graph_utils.h(133,26): warning C4244: “参数”: 从“double”转换到“int”，可能丢失数据
E:\Project\C++\PSP-Final\PSP_Big_Homework\PSP-Final\graph_utils.h(133,19): warning C4244: “参数”: 从“const double”转换到“int”，可能丢失数据
E:\Project\C++\PSP-Final\PSP_Big_Homework\PSP-Final\graph_utils.h(133,15): warning C4244: “参数”: 从“const double”转换到“int”，可能丢失数据
E:\Project\C++\PSP-Final\PSP_Big_Homework\PSP-Final\graph_utils.h(133,11): warning C4244: “参数”: 从“const double”转换到“int”，可能丢失数据
E:\Project\C++\PSP-Final\PSP_Big_Homework\PSP-Final\graph_utils.h(134,28): warning C4244: “参数”: 从“const double”转换到“int”，可能丢失数据
E:\Project\C++\PSP-Final\PSP_Big_Homework\PSP-Final\graph_utils.h(134,22): warning C4244: “参数”: 从“double”转换到“int”，可能丢失数据
E:\Project\C++\PSP-Final\PSP_Big_Homework\PSP-Final\graph_utils.h(134,15): warning C4244: “参数”: 从“const double”转换到“int”，可能丢失数据
E:\Project\C++\PSP-Final\PSP_Big_Homework\PSP-Final\graph_utils.h(134,11): warning C4244: “参数”: 从“const double”转换到“int”，可能丢失数据
E:\Project\C++\PSP-Final\PSP_Big_Homework\PSP-Final\graph_utils.h(137,44): warning C4244: “参数”: 从“double”转换到“int”，可能丢失数据
E:\Project\C++\PSP-Final\PSP_Big_Homework\PSP-Final\graph_utils.h(137,35): warning C4244: “参数”: 从“double”转换到“int”，可能丢失数据
E:\Project\C++\PSP-Final\PSP_Big_Homework\PSP-Final\graph_utils.h(138,49): warning C4244: “参数”: 从“double”转换到“int”，可能丢失数据
E:\Project\C++\PSP-Final\PSP_Big_Homework\PSP-Final\graph_utils.h(138,35): warning C4244: “参数”: 从“double”转换到“int”，可能丢失数据
E:\Project\C++\PSP-Final\PSP_Big_Homework\PSP-Final\graph_utils.h(143,61): warning C4244: “参数”: 从“double”转换到“int”，可能丢失数据
E:\Project\C++\PSP-Final\PSP_Big_Homework\PSP-Final\graph_utils.h(143,40): warning C4244: “参数”: 从“double”转换到“int”，可能丢失数据
E:\Project\C++\PSP-Final\PSP_Big_Homework\PSP-Final\graph_utils.h(143,33): warning C4244: “参数”: 从“const double”转换到“int”，可能丢失数据
E:\Project\C++\PSP-Final\PSP_Big_Homework\PSP-Final\graph_utils.h(143,15): warning C4244: “参数”: 从“double”转换到“int”，可能丢失数据
E:\Project\C++\PSP-Final\PSP_Big_Homework\PSP-Final\graph_utils.h(144,56): warning C4244: “参数”: 从“double”转换到“int”，可能丢失数据
E:\Project\C++\PSP-Final\PSP_Big_Homework\PSP-Final\graph_utils.h(144,48): warning C4244: “参数”: 从“double”转换到“int”，可能丢失数据
E:\Project\C++\PSP-Final\PSP_Big_Homework\PSP-Final\graph_utils.h(149,40): warning C4244: “参数”: 从“double”转换到“int”，可能丢失数据
E:\Project\C++\PSP-Final\PSP_Big_Homework\PSP-Final\graph_utils.h(149,32): warning C4244: “参数”: 从“double”转换到“int”，可能丢失数据
E:\Project\C++\PSP-Final\PSP_Big_Homework\PSP-Final\graph_utils.h(149,19): warning C4244: “参数”: 从“double”转换到“int”，可能丢失数据
E:\Project\C++\PSP-Final\PSP_Big_Homework\PSP-Final\graph_utils.h(149,12): warning C4244: “参数”: 从“const double”转换到“int”，可能丢失数据
E:\Project\C++\PSP-Final\PSP_Big_Homework\PSP-Final\graph_utils.h(150,49): warning C4244: “参数”: 从“double”转换到“int”，可能丢失数据
E:\Project\C++\PSP-Final\PSP_Big_Homework\PSP-Final\graph_utils.h(150,31): warning C4244: “参数”: 从“double”转换到“int”，可能丢失数据
E:\Project\C++\PSP-Final\PSP_Big_Homework\PSP-Final\graph_utils.h(157,22): warning C4018: “<”: 有符号/无符号不匹配
E:\Project\C++\PSP-Final\PSP_Big_Homework\PSP-Final\graph_utils.h(166,26): warning C4244: “参数”: 从“double”转换到“int”，可能丢失数据
E:\Project\C++\PSP-Final\PSP_Big_Homework\PSP-Final\graph_utils.h(166,21): warning C4244: “参数”: 从“double”转换到“int”，可能丢失数据
E:\Project\C++\PSP-Final\PSP_Big_Homework\PSP-Final\graph_utils.h(166,17): warning C4244: “参数”: 从“double”转换到“int”，可能丢失数据
E:\Project\C++\PSP-Final\PSP_Big_Homework\PSP-Final\graph_utils.h(166,13): warning C4244: “参数”: 从“double”转换到“int”，可能丢失数据
E:\Project\C++\PSP-Final\PSP_Big_Homework\PSP-Final\graph_utils.h(171,42): warning C4244: “参数”: 从“double”转换到“int”，可能丢失数据
E:\Project\C++\PSP-Final\PSP_Big_Homework\PSP-Final\graph_utils.h(171,34): warning C4244: “参数”: 从“double”转换到“int”，可能丢失数据
E:\Project\C++\PSP-Final\PSP_Big_Homework\PSP-Final\graph_utils.h(174,44): warning C4244: “参数”: 从“double”转换到“int”，可能丢失数据
E:\Project\C++\PSP-Final\PSP_Big_Homework\PSP-Final\graph_utils.h(174,35): warning C4244: “参数”: 从“double”转换到“int”，可能丢失数据
E:\Project\C++\PSP-Final\PSP_Big_Homework\PSP-Final\graph_utils.h(183,37): warning C4244: “参数”: 从“double”转换到“int”，可能丢失数据
E:\Project\C++\PSP-Final\PSP_Big_Homework\PSP-Final\graph_utils.h(183,19): warning C4244: “参数”: 从“double”转换到“int”，可能丢失数据
E:\Project\C++\PSP-Final\PSP_Big_Homework\PSP-Final\graph_utils.h(182,39): warning C4244: “参数”: 从“double”转换到“int”，可能丢失数据
E:\Project\C++\PSP-Final\PSP_Big_Homework\PSP-Final\graph_utils.h(182,21): warning C4244: “参数”: 从“double”转换到“int”，可能丢失数据
E:\Project\C++\PSP-Final\PSP_Big_Homework\PSP-Final\graph_utils.h(186,32): warning C4244: “参数”: 从“double”转换到“int”，可能丢失数据
E:\Project\C++\PSP-Final\PSP_Big_Homework\PSP-Final\graph_utils.h(185,45): warning C4244: “参数”: 从“double”转换到“int”，可能丢失数据
E:\Project\C++\PSP-Final\PSP_Big_Homework\PSP-Final\graph_utils.h(239,21): warning C4018: “<”: 有符号/无符号不匹配
E:\Project\C++\PSP-Final\PSP_Big_Homework\PSP-Final\graph_utils.h(246,8): warning C4244: “参数”: 从“_Ty1”转换到“int”，可能丢失数据
          with
          [
              _Ty1=double
          ]
E:\Project\C++\PSP-Final\PSP_Big_Homework\PSP-Final\graph_utils.h(253,49): warning C4244: “参数”: 从“_Ty1”转换到“int”，可能丢失数据
          with
          [
              _Ty1=double
          ]
E:\Project\C++\PSP-Final\PSP_Big_Homework\PSP-Final\graph_utils.h(259,21): warning C4018: “<”: 有符号/无符号不匹配
E:\Project\C++\PSP-Final\PSP_Big_Homework\PSP-Final\graph_utils.h(326,30): warning C4018: “<”: 有符号/无符号不匹配
E:\Project\C++\PSP-Final\PSP_Big_Homework\PSP-Final\graph_utils.h(330,24): warning C4244: “参数”: 从“_Ty2”转换到“int”，可能丢失数据
          with
          [
              _Ty2=double
          ]
E:\Project\C++\PSP-Final\PSP_Big_Homework\PSP-Final\graph_utils.h(329,56): warning C4244: “参数”: 从“const _Ty1”转换到“int”，可能丢失数据
          with
          [
              _Ty1=const double
          ]
E:\Project\C++\PSP-Final\PSP_Big_Homework\PSP-Final\graph_utils.h(334,49): warning C4244: “参数”: 从“double”转换到“int”，可能丢失数据
E:\Project\C++\PSP-Final\PSP_Big_Homework\PSP-Final\graph_utils.h(333,55): warning C4244: “参数”: 从“const _Ty1”转换到“int”，可能丢失数据
          with
          [
              _Ty1=const double
          ]
E:\Project\C++\PSP-Final\PSP_Big_Homework\PSP-Final\graph_utils.h(345,37): warning C4244: “参数”: 从“double”转换到“int”，可能丢失数据
E:\Project\C++\PSP-Final\PSP_Big_Homework\PSP-Final\graph_utils.h(345,19): warning C4244: “参数”: 从“double”转换到“int”，可能丢失数据
E:\Project\C++\PSP-Final\PSP_Big_Homework\PSP-Final\graph_utils.h(344,39): warning C4244: “参数”: 从“double”转换到“int”，可能丢失数据
E:\Project\C++\PSP-Final\PSP_Big_Homework\PSP-Final\graph_utils.h(344,21): warning C4244: “参数”: 从“double”转换到“int”，可能丢失数据
E:\Project\C++\PSP-Final\PSP_Big_Homework\PSP-Final\graph_utils.h(348,32): warning C4244: “参数”: 从“double”转换到“int”，可能丢失数据
E:\Project\C++\PSP-Final\PSP_Big_Homework\PSP-Final\graph_utils.h(347,45): warning C4244: “参数”: 从“double”转换到“int”，可能丢失数据
E:\Project\C++\PSP-Final\PSP_Big_Homework\PSP-Final\graph_utils.h(356,27): warning C4244: “参数”: 从“double”转换到“int”，可能丢失数据
E:\Project\C++\PSP-Final\PSP_Big_Homework\PSP-Final\graph_utils.h(356,20): warning C4244: “参数”: 从“const double”转换到“int”，可能丢失数据
E:\Project\C++\PSP-Final\PSP_Big_Homework\PSP-Final\graph_utils.h(356,16): warning C4244: “参数”: 从“const double”转换到“int”，可能丢失数据
E:\Project\C++\PSP-Final\PSP_Big_Homework\PSP-Final\graph_utils.h(356,12): warning C4244: “参数”: 从“const double”转换到“int”，可能丢失数据
E:\Project\C++\PSP-Final\PSP_Big_Homework\PSP-Final\graph_utils.h(357,29): warning C4244: “参数”: 从“const double”转换到“int”，可能丢失数据
E:\Project\C++\PSP-Final\PSP_Big_Homework\PSP-Final\graph_utils.h(357,23): warning C4244: “参数”: 从“double”转换到“int”，可能丢失数据
E:\Project\C++\PSP-Final\PSP_Big_Homework\PSP-Final\graph_utils.h(357,16): warning C4244: “参数”: 从“const double”转换到“int”，可能丢失数据
E:\Project\C++\PSP-Final\PSP_Big_Homework\PSP-Final\graph_utils.h(357,12): warning C4244: “参数”: 从“const double”转换到“int”，可能丢失数据
E:\Project\C++\PSP-Final\PSP_Big_Homework\PSP-Final\graph_utils.h(359,53): warning C4244: “参数”: 从“double”转换到“int”，可能丢失数据
E:\Project\C++\PSP-Final\PSP_Big_Homework\PSP-Final\graph_utils.h(359,44): warning C4244: “参数”: 从“double”转换到“int”，可能丢失数据
E:\Project\C++\PSP-Final\PSP_Big_Homework\PSP-Final\graph_utils.h(364,46): warning C4244: “参数”: 从“double”转换到“int”，可能丢失数据
E:\Project\C++\PSP-Final\PSP_Big_Homework\PSP-Final\graph_utils.h(364,33): warning C4244: “参数”: 从“double”转换到“int”，可能丢失数据
E:\Project\C++\PSP-Final\PSP_Big_Homework\PSP-Final\graph_utils.h(364,26): warning C4244: “参数”: 从“const double”转换到“int”，可能丢失数据
E:\Project\C++\PSP-Final\PSP_Big_Homework\PSP-Final\graph_utils.h(364,16): warning C4244: “参数”: 从“double”转换到“int”，可能丢失数据
E:\Project\C++\PSP-Final\PSP_Big_Homework\PSP-Final\graph_utils.h(365,49): warning C4244: “参数”: 从“double”转换到“int”，可能丢失数据
E:\Project\C++\PSP-Final\PSP_Big_Homework\PSP-Final\graph_utils.h(365,41): warning C4244: “参数”: 从“double”转换到“int”，可能丢失数据
E:\Project\C++\PSP-Final\PSP_Big_Homework\PSP-Final\graph_utils.h(370,41): warning C4244: “参数”: 从“double”转换到“int”，可能丢失数据
E:\Project\C++\PSP-Final\PSP_Big_Homework\PSP-Final\graph_utils.h(370,33): warning C4244: “参数”: 从“double”转换到“int”，可能丢失数据
E:\Project\C++\PSP-Final\PSP_Big_Homework\PSP-Final\graph_utils.h(370,20): warning C4244: “参数”: 从“double”转换到“int”，可能丢失数据
E:\Project\C++\PSP-Final\PSP_Big_Homework\PSP-Final\graph_utils.h(370,13): warning C4244: “参数”: 从“const double”转换到“int”，可能丢失数据
E:\Project\C++\PSP-Final\PSP_Big_Homework\PSP-Final\graph_utils.h(371,50): warning C4244: “参数”: 从“double”转换到“int”，可能丢失数据
E:\Project\C++\PSP-Final\PSP_Big_Homework\PSP-Final\graph_utils.h(371,32): warning C4244: “参数”: 从“double”转换到“int”，可能丢失数据
E:\Project\C++\PSP-Final\PSP_Big_Homework\PSP-Final\fltk\GUI.h(107,39): warning C4018: “<”: 有符号/无符号不匹配
E:\Project\C++\PSP-Final\PSP_Big_Homework\PSP-Final\fltk\GUI.h(112,39): warning C4018: “<”: 有符号/无符号不匹配
E:\Project\C++\PSP-Final\PSP_Big_Homework\PSP-Final\fltk\GUI.h(117,39): warning C4018: “<”: 有符号/无符号不匹配
E:\Project\C++\PSP-Final\PSP_Big_Homework\PSP-Final\fltk\Graph.h(130,1): warning C4018: “<”: 有符号/无符号不匹配
E:\Project\C++\PSP-Final\PSP_Big_Homework\PSP-Final\fltk\Graph.h(130): message : 在编译 类 模板 成员函数“Graph_lib::Vector_ref<Graph_lib::Button>::~Vector_ref(void)”时
E:\Project\C++\PSP-Final\PSP_Big_Homework\PSP-Final\fltk\GUI.h(97): message : 查看对正在编译的函数 模板 实例化“Graph_lib::Vector_ref<Graph_lib::Button>::~Vector_ref(void)”的引用
E:\Project\C++\PSP-Final\PSP_Big_Homework\PSP-Final\fltk\GUI.h(99): message : 查看对正在编译的 类 模板 实例化“Graph_lib::Vector_ref<Graph_lib::Button>”的引用
  nn_functions.cpp
E:\Project\C++\PSP-Final\PSP_Big_Homework\PSP-Final\nn\nn_functions.cpp(88,21): warning C4018: “<”: 有符号/无符号不匹配
E:\Project\C++\PSP-Final\PSP_Big_Homework\PSP-Final\nn\nn_functions.cpp(89,22): warning C4018: “<”: 有符号/无符号不匹配
E:\Project\C++\PSP-Final\PSP_Big_Homework\PSP-Final\nn\nn_functions.cpp(98,23): warning C4018: “<”: 有符号/无符号不匹配
E:\Project\C++\PSP-Final\PSP_Big_Homework\PSP-Final\nn\nn_functions.cpp(115,26): warning C4018: “<”: 有符号/无符号不匹配
E:\Project\C++\PSP-Final\PSP_Big_Homework\PSP-Final\nn\nn_functions.cpp(117,23): warning C4018: “<=”: 有符号/无符号不匹配
E:\Project\C++\PSP-Final\PSP_Big_Homework\PSP-Final\nn\nn_functions.cpp(124,26): warning C4018: “<”: 有符号/无符号不匹配
  nn_grad.cpp
  nn_matrix.cpp
  nn_module.cpp
  nn_tensor.cpp
  nn_var.cpp
  show_data.cpp
E:\Project\C++\PSP-Final\PSP_Big_Homework\PSP-Final\fltk\Graph.h(45,26): warning C4305: “初始化”: 从“Graph_lib::Color::Transparency”到“char”截断
E:\Project\C++\PSP-Final\PSP_Big_Homework\PSP-Final\fltk\Graph.h(45,46): warning C4309: “初始化”: 截断常量值
E:\Project\C++\PSP-Final\PSP_Big_Homework\PSP-Final\fltk\Graph.h(47,19): warning C4305: “初始化”: 从“Graph_lib::Color::Transparency”到“char”截断
E:\Project\C++\PSP-Final\PSP_Big_Homework\PSP-Final\fltk\Graph.h(47,39): warning C4309: “初始化”: 截断常量值
E:\Project\C++\PSP-Final\PSP_Big_Homework\PSP-Final\graph_utils.h(67,26): warning C4244: “参数”: 从“const double”转换到“int”，可能丢失数据
E:\Project\C++\PSP-Final\PSP_Big_Homework\PSP-Final\graph_utils.h(67,22): warning C4244: “参数”: 从“const double”转换到“int”，可能丢失数据
E:\Project\C++\PSP-Final\PSP_Big_Homework\PSP-Final\graph_utils.h(71,11): warning C4244: “参数”: 从“double”转换到“int”，可能丢失数据
E:\Project\C++\PSP-Final\PSP_Big_Homework\PSP-Final\graph_utils.h(70,26): warning C4244: “参数”: 从“double”转换到“int”，可能丢失数据
E:\Project\C++\PSP-Final\PSP_Big_Homework\PSP-Final\graph_utils.h(80,8): warning C4244: “参数”: 从“double”转换到“int”，可能丢失数据
E:\Project\C++\PSP-Final\PSP_Big_Homework\PSP-Final\graph_utils.h(79,73): warning C4244: “参数”: 从“double”转换到“int”，可能丢失数据
E:\Project\C++\PSP-Final\PSP_Big_Homework\PSP-Final\graph_utils.h(133,26): warning C4244: “参数”: 从“double”转换到“int”，可能丢失数据
E:\Project\C++\PSP-Final\PSP_Big_Homework\PSP-Final\graph_utils.h(133,19): warning C4244: “参数”: 从“const double”转换到“int”，可能丢失数据
E:\Project\C++\PSP-Final\PSP_Big_Homework\PSP-Final\graph_utils.h(133,15): warning C4244: “参数”: 从“const double”转换到“int”，可能丢失数据
E:\Project\C++\PSP-Final\PSP_Big_Homework\PSP-Final\graph_utils.h(133,11): warning C4244: “参数”: 从“const double”转换到“int”，可能丢失数据
E:\Project\C++\PSP-Final\PSP_Big_Homework\PSP-Final\graph_utils.h(134,28): warning C4244: “参数”: 从“const double”转换到“int”，可能丢失数据
E:\Project\C++\PSP-Final\PSP_Big_Homework\PSP-Final\graph_utils.h(134,22): warning C4244: “参数”: 从“double”转换到“int”，可能丢失数据
E:\Project\C++\PSP-Final\PSP_Big_Homework\PSP-Final\graph_utils.h(134,15): warning C4244: “参数”: 从“const double”转换到“int”，可能丢失数据
E:\Project\C++\PSP-Final\PSP_Big_Homework\PSP-Final\graph_utils.h(134,11): warning C4244: “参数”: 从“const double”转换到“int”，可能丢失数据
E:\Project\C++\PSP-Final\PSP_Big_Homework\PSP-Final\graph_utils.h(137,44): warning C4244: “参数”: 从“double”转换到“int”，可能丢失数据
E:\Project\C++\PSP-Final\PSP_Big_Homework\PSP-Final\graph_utils.h(137,35): warning C4244: “参数”: 从“double”转换到“int”，可能丢失数据
E:\Project\C++\PSP-Final\PSP_Big_Homework\PSP-Final\graph_utils.h(138,49): warning C4244: “参数”: 从“double”转换到“int”，可能丢失数据
E:\Project\C++\PSP-Final\PSP_Big_Homework\PSP-Final\graph_utils.h(138,35): warning C4244: “参数”: 从“double”转换到“int”，可能丢失数据
E:\Project\C++\PSP-Final\PSP_Big_Homework\PSP-Final\graph_utils.h(143,61): warning C4244: “参数”: 从“double”转换到“int”，可能丢失数据
E:\Project\C++\PSP-Final\PSP_Big_Homework\PSP-Final\graph_utils.h(143,40): warning C4244: “参数”: 从“double”转换到“int”，可能丢失数据
E:\Project\C++\PSP-Final\PSP_Big_Homework\PSP-Final\graph_utils.h(143,33): warning C4244: “参数”: 从“const double”转换到“int”，可能丢失数据
E:\Project\C++\PSP-Final\PSP_Big_Homework\PSP-Final\graph_utils.h(143,15): warning C4244: “参数”: 从“double”转换到“int”，可能丢失数据
E:\Project\C++\PSP-Final\PSP_Big_Homework\PSP-Final\graph_utils.h(144,56): warning C4244: “参数”: 从“double”转换到“int”，可能丢失数据
E:\Project\C++\PSP-Final\PSP_Big_Homework\PSP-Final\graph_utils.h(144,48): warning C4244: “参数”: 从“double”转换到“int”，可能丢失数据
E:\Project\C++\PSP-Final\PSP_Big_Homework\PSP-Final\graph_utils.h(149,40): warning C4244: “参数”: 从“double”转换到“int”，可能丢失数据
E:\Project\C++\PSP-Final\PSP_Big_Homework\PSP-Final\graph_utils.h(149,32): warning C4244: “参数”: 从“double”转换到“int”，可能丢失数据
E:\Project\C++\PSP-Final\PSP_Big_Homework\PSP-Final\graph_utils.h(149,19): warning C4244: “参数”: 从“double”转换到“int”，可能丢失数据
E:\Project\C++\PSP-Final\PSP_Big_Homework\PSP-Final\graph_utils.h(149,12): warning C4244: “参数”: 从“const double”转换到“int”，可能丢失数据
E:\Project\C++\PSP-Final\PSP_Big_Homework\PSP-Final\graph_utils.h(150,49): warning C4244: “参数”: 从“double”转换到“int”，可能丢失数据
E:\Project\C++\PSP-Final\PSP_Big_Homework\PSP-Final\graph_utils.h(150,31): warning C4244: “参数”: 从“double”转换到“int”，可能丢失数据
E:\Project\C++\PSP-Final\PSP_Big_Homework\PSP-Final\graph_utils.h(157,22): warning C4018: “<”: 有符号/无符号不匹配
E:\Project\C++\PSP-Final\PSP_Big_Homework\PSP-Final\graph_utils.h(166,26): warning C4244: “参数”: 从“double”转换到“int”，可能丢失数据
E:\Project\C++\PSP-Final\PSP_Big_Homework\PSP-Final\graph_utils.h(166,21): warning C4244: “参数”: 从“double”转换到“int”，可能丢失数据
E:\Project\C++\PSP-Final\PSP_Big_Homework\PSP-Final\graph_utils.h(166,17): warning C4244: “参数”: 从“double”转换到“int”，可能丢失数据
E:\Project\C++\PSP-Final\PSP_Big_Homework\PSP-Final\graph_utils.h(166,13): warning C4244: “参数”: 从“double”转换到“int”，可能丢失数据
E:\Project\C++\PSP-Final\PSP_Big_Homework\PSP-Final\graph_utils.h(171,42): warning C4244: “参数”: 从“double”转换到“int”，可能丢失数据
E:\Project\C++\PSP-Final\PSP_Big_Homework\PSP-Final\graph_utils.h(171,34): warning C4244: “参数”: 从“double”转换到“int”，可能丢失数据
E:\Project\C++\PSP-Final\PSP_Big_Homework\PSP-Final\graph_utils.h(174,44): warning C4244: “参数”: 从“double”转换到“int”，可能丢失数据
E:\Project\C++\PSP-Final\PSP_Big_Homework\PSP-Final\graph_utils.h(174,35): warning C4244: “参数”: 从“double”转换到“int”，可能丢失数据
E:\Project\C++\PSP-Final\PSP_Big_Homework\PSP-Final\graph_utils.h(183,37): warning C4244: “参数”: 从“double”转换到“int”，可能丢失数据
E:\Project\C++\PSP-Final\PSP_Big_Homework\PSP-Final\graph_utils.h(183,19): warning C4244: “参数”: 从“double”转换到“int”，可能丢失数据
E:\Project\C++\PSP-Final\PSP_Big_Homework\PSP-Final\graph_utils.h(182,39): warning C4244: “参数”: 从“double”转换到“int”，可能丢失数据
E:\Project\C++\PSP-Final\PSP_Big_Homework\PSP-Final\graph_utils.h(182,21): warning C4244: “参数”: 从“double”转换到“int”，可能丢失数据
E:\Project\C++\PSP-Final\PSP_Big_Homework\PSP-Final\graph_utils.h(186,32): warning C4244: “参数”: 从“double”转换到“int”，可能丢失数据
E:\Project\C++\PSP-Final\PSP_Big_Homework\PSP-Final\graph_utils.h(185,45): warning C4244: “参数”: 从“double”转换到“int”，可能丢失数据
E:\Project\C++\PSP-Final\PSP_Big_Homework\PSP-Final\graph_utils.h(239,21): warning C4018: “<”: 有符号/无符号不匹配
E:\Project\C++\PSP-Final\PSP_Big_Homework\PSP-Final\graph_utils.h(246,8): warning C4244: “参数”: 从“_Ty1”转换到“int”，可能丢失数据
          with
          [
              _Ty1=double
          ]
E:\Project\C++\PSP-Final\PSP_Big_Homework\PSP-Final\graph_utils.h(253,49): warning C4244: “参数”: 从“_Ty1”转换到“int”，可能丢失数据
          with
          [
              _Ty1=double
          ]
E:\Project\C++\PSP-Final\PSP_Big_Homework\PSP-Final\graph_utils.h(259,21): warning C4018: “<”: 有符号/无符号不匹配
E:\Project\C++\PSP-Final\PSP_Big_Homework\PSP-Final\graph_utils.h(326,30): warning C4018: “<”: 有符号/无符号不匹配
E:\Project\C++\PSP-Final\PSP_Big_Homework\PSP-Final\graph_utils.h(330,24): warning C4244: “参数”: 从“_Ty2”转换到“int”，可能丢失数据
          with
          [
              _Ty2=double
          ]
E:\Project\C++\PSP-Final\PSP_Big_Homework\PSP-Final\graph_utils.h(329,56): warning C4244: “参数”: 从“const _Ty1”转换到“int”，可能丢失数据
          with
          [
              _Ty1=const double
          ]
E:\Project\C++\PSP-Final\PSP_Big_Homework\PSP-Final\graph_utils.h(334,49): warning C4244: “参数”: 从“double”转换到“int”，可能丢失数据
E:\Project\C++\PSP-Final\PSP_Big_Homework\PSP-Final\graph_utils.h(333,55): warning C4244: “参数”: 从“const _Ty1”转换到“int”，可能丢失数据
          with
          [
              _Ty1=const double
          ]
E:\Project\C++\PSP-Final\PSP_Big_Homework\PSP-Final\graph_utils.h(345,37): warning C4244: “参数”: 从“double”转换到“int”，可能丢失数据
E:\Project\C++\PSP-Final\PSP_Big_Homework\PSP-Final\graph_utils.h(345,19): warning C4244: “参数”: 从“double”转换到“int”，可能丢失数据
E:\Project\C++\PSP-Final\PSP_Big_Homework\PSP-Final\graph_utils.h(344,39): warning C4244: “参数”: 从“double”转换到“int”，可能丢失数据
E:\Project\C++\PSP-Final\PSP_Big_Homework\PSP-Final\graph_utils.h(344,21): warning C4244: “参数”: 从“double”转换到“int”，可能丢失数据
E:\Project\C++\PSP-Final\PSP_Big_Homework\PSP-Final\graph_utils.h(348,32): warning C4244: “参数”: 从“double”转换到“int”，可能丢失数据
E:\Project\C++\PSP-Final\PSP_Big_Homework\PSP-Final\graph_utils.h(347,45): warning C4244: “参数”: 从“double”转换到“int”，可能丢失数据
E:\Project\C++\PSP-Final\PSP_Big_Homework\PSP-Final\graph_utils.h(356,27): warning C4244: “参数”: 从“double”转换到“int”，可能丢失数据
E:\Project\C++\PSP-Final\PSP_Big_Homework\PSP-Final\graph_utils.h(356,20): warning C4244: “参数”: 从“const double”转换到“int”，可能丢失数据
E:\Project\C++\PSP-Final\PSP_Big_Homework\PSP-Final\graph_utils.h(356,16): warning C4244: “参数”: 从“const double”转换到“int”，可能丢失数据
E:\Project\C++\PSP-Final\PSP_Big_Homework\PSP-Final\graph_utils.h(356,12): warning C4244: “参数”: 从“const double”转换到“int”，可能丢失数据
E:\Project\C++\PSP-Final\PSP_Big_Homework\PSP-Final\graph_utils.h(357,29): warning C4244: “参数”: 从“const double”转换到“int”，可能丢失数据
E:\Project\C++\PSP-Final\PSP_Big_Homework\PSP-Final\graph_utils.h(357,23): warning C4244: “参数”: 从“double”转换到“int”，可能丢失数据
E:\Project\C++\PSP-Final\PSP_Big_Homework\PSP-Final\graph_utils.h(357,16): warning C4244: “参数”: 从“const double”转换到“int”，可能丢失数据
E:\Project\C++\PSP-Final\PSP_Big_Homework\PSP-Final\graph_utils.h(357,12): warning C4244: “参数”: 从“const double”转换到“int”，可能丢失数据
E:\Project\C++\PSP-Final\PSP_Big_Homework\PSP-Final\graph_utils.h(359,53): warning C4244: “参数”: 从“double”转换到“int”，可能丢失数据
E:\Project\C++\PSP-Final\PSP_Big_Homework\PSP-Final\graph_utils.h(359,44): warning C4244: “参数”: 从“double”转换到“int”，可能丢失数据
E:\Project\C++\PSP-Final\PSP_Big_Homework\PSP-Final\graph_utils.h(364,46): warning C4244: “参数”: 从“double”转换到“int”，可能丢失数据
E:\Project\C++\PSP-Final\PSP_Big_Homework\PSP-Final\graph_utils.h(364,33): warning C4244: “参数”: 从“double”转换到“int”，可能丢失数据
E:\Project\C++\PSP-Final\PSP_Big_Homework\PSP-Final\graph_utils.h(364,26): warning C4244: “参数”: 从“const double”转换到“int”，可能丢失数据
E:\Project\C++\PSP-Final\PSP_Big_Homework\PSP-Final\graph_utils.h(364,16): warning C4244: “参数”: 从“double”转换到“int”，可能丢失数据
E:\Project\C++\PSP-Final\PSP_Big_Homework\PSP-Final\graph_utils.h(365,49): warning C4244: “参数”: 从“double”转换到“int”，可能丢失数据
E:\Project\C++\PSP-Final\PSP_Big_Homework\PSP-Final\graph_utils.h(365,41): warning C4244: “参数”: 从“double”转换到“int”，可能丢失数据
E:\Project\C++\PSP-Final\PSP_Big_Homework\PSP-Final\graph_utils.h(370,41): warning C4244: “参数”: 从“double”转换到“int”，可能丢失数据
E:\Project\C++\PSP-Final\PSP_Big_Homework\PSP-Final\graph_utils.h(370,33): warning C4244: “参数”: 从“double”转换到“int”，可能丢失数据
E:\Project\C++\PSP-Final\PSP_Big_Homework\PSP-Final\graph_utils.h(370,20): warning C4244: “参数”: 从“double”转换到“int”，可能丢失数据
E:\Project\C++\PSP-Final\PSP_Big_Homework\PSP-Final\graph_utils.h(370,13): warning C4244: “参数”: 从“const double”转换到“int”，可能丢失数据
E:\Project\C++\PSP-Final\PSP_Big_Homework\PSP-Final\graph_utils.h(371,50): warning C4244: “参数”: 从“double”转换到“int”，可能丢失数据
E:\Project\C++\PSP-Final\PSP_Big_Homework\PSP-Final\graph_utils.h(371,32): warning C4244: “参数”: 从“double”转换到“int”，可能丢失数据
E:\Project\C++\PSP-Final\PSP_Big_Homework\PSP-Final\fltk\GUI.h(107,39): warning C4018: “<”: 有符号/无符号不匹配
E:\Project\C++\PSP-Final\PSP_Big_Homework\PSP-Final\fltk\GUI.h(112,39): warning C4018: “<”: 有符号/无符号不匹配
E:\Project\C++\PSP-Final\PSP_Big_Homework\PSP-Final\fltk\GUI.h(117,39): warning C4018: “<”: 有符号/无符号不匹配
E:\Project\C++\PSP-Final\PSP_Big_Homework\PSP-Final\show_data.cpp(202,5): warning C4018: “<”: 有符号/无符号不匹配
E:\Project\C++\PSP-Final\PSP_Big_Homework\PSP-Final\show_data.cpp(242,20): warning C4018: “<”: 有符号/无符号不匹配
E:\Project\C++\PSP-Final\PSP_Big_Homework\PSP-Final\fltk\Graph.h(130,1): warning C4018: “<”: 有符号/无符号不匹配
E:\Project\C++\PSP-Final\PSP_Big_Homework\PSP-Final\fltk\Graph.h(130): message : 在编译 类 模板 成员函数“Graph_lib::Vector_ref<Graph_lib::Button>::~Vector_ref(void)”时
E:\Project\C++\PSP-Final\PSP_Big_Homework\PSP-Final\fltk\GUI.h(97): message : 查看对正在编译的函数 模板 实例化“Graph_lib::Vector_ref<Graph_lib::Button>::~Vector_ref(void)”的引用
E:\Project\C++\PSP-Final\PSP_Big_Homework\PSP-Final\fltk\GUI.h(99): message : 查看对正在编译的 类 模板 实例化“Graph_lib::Vector_ref<Graph_lib::Button>”的引用
  正在生成代码
  Previous IPDB not found, fall back to full compilation.
  All 1812 functions were compiled because no usable IPDB/IOBJ from previous compilation was found.
  已完成代码的生成
fltk.lib(case.obj) : warning LNK4099: 未找到 PDB“vc142.pdb”(使用“fltk.lib(case.obj)”或在“E:\Project\C++\PSP-Final\PSP_Big_Homework\Release\vc142.pdb”中寻找)；正在链接对象，如同没有调试信息一样
fltk.lib(filename_list.obj) : warning LNK4099: 未找到 PDB“vc142.pdb”(使用“fltk.lib(filename_list.obj)”或在“E:\Project\C++\PSP-Final\PSP_Big_Homework\Release\vc142.pdb”中寻找)；正在链接对象，如同没有调试信息一样
fltk.lib(filename_match.obj) : warning LNK4099: 未找到 PDB“vc142.pdb”(使用“fltk.lib(filename_match.obj)”或在“E:\Project\C++\PSP-Final\PSP_Big_Homework\Release\vc142.pdb”中寻找)；正在链接对象，如同没有调试信息一样
fltk.lib(Fl.obj) : warning LNK4099: 未找到 PDB“vc142.pdb”(使用“fltk.lib(Fl.obj)”或在“E:\Project\C++\PSP-Final\PSP_Big_Homework\Release\vc142.pdb”中寻找)；正在链接对象，如同没有调试信息一样
fltk.lib(Fl_abort.obj) : warning LNK4099: 未找到 PDB“vc142.pdb”(使用“fltk.lib(Fl_abort.obj)”或在“E:\Project\C++\PSP-Final\PSP_Big_Homework\Release\vc142.pdb”中寻找)；正在链接对象，如同没有调试信息一样
fltk.lib(fl_arc.obj) : warning LNK4099: 未找到 PDB“vc142.pdb”(使用“fltk.lib(fl_arc.obj)”或在“E:\Project\C++\PSP-Final\PSP_Big_Homework\Release\vc142.pdb”中寻找)；正在链接对象，如同没有调试信息一样
fltk.lib(fl_arci.obj) : warning LNK4099: 未找到 PDB“vc142.pdb”(使用“fltk.lib(fl_arci.obj)”或在“E:\Project\C++\PSP-Final\PSP_Big_Homework\Release\vc142.pdb”中寻找)；正在链接对象，如同没有调试信息一样
fltk.lib(fl_ask.obj) : warning LNK4099: 未找到 PDB“vc142.pdb”(使用“fltk.lib(fl_ask.obj)”或在“E:\Project\C++\PSP-Final\PSP_Big_Homework\Release\vc142.pdb”中寻找)；正在链接对象，如同没有调试信息一样
fltk.lib(Fl_Bitmap.obj) : warning LNK4099: 未找到 PDB“vc142.pdb”(使用“fltk.lib(Fl_Bitmap.obj)”或在“E:\Project\C++\PSP-Final\PSP_Big_Homework\Release\vc142.pdb”中寻找)；正在链接对象，如同没有调试信息一样
fltk.lib(Fl_Box.obj) : warning LNK4099: 未找到 PDB“vc142.pdb”(使用“fltk.lib(Fl_Box.obj)”或在“E:\Project\C++\PSP-Final\PSP_Big_Homework\Release\vc142.pdb”中寻找)；正在链接对象，如同没有调试信息一样
fltk.lib(fl_boxtype.obj) : warning LNK4099: 未找到 PDB“vc142.pdb”(使用“fltk.lib(fl_boxtype.obj)”或在“E:\Project\C++\PSP-Final\PSP_Big_Homework\Release\vc142.pdb”中寻找)；正在链接对象，如同没有调试信息一样
fltk.lib(Fl_Button.obj) : warning LNK4099: 未找到 PDB“vc142.pdb”(使用“fltk.lib(Fl_Button.obj)”或在“E:\Project\C++\PSP-Final\PSP_Big_Homework\Release\vc142.pdb”中寻找)；正在链接对象，如同没有调试信息一样
fltk.lib(fl_color.obj) : warning LNK4099: 未找到 PDB“vc142.pdb”(使用“fltk.lib(fl_color.obj)”或在“E:\Project\C++\PSP-Final\PSP_Big_Homework\Release\vc142.pdb”中寻找)；正在链接对象，如同没有调试信息一样
fltk.lib(Fl_compose.obj) : warning LNK4099: 未找到 PDB“vc142.pdb”(使用“fltk.lib(Fl_compose.obj)”或在“E:\Project\C++\PSP-Final\PSP_Big_Homework\Release\vc142.pdb”中寻找)；正在链接对象，如同没有调试信息一样
fltk.lib(fl_cursor.obj) : warning LNK4099: 未找到 PDB“vc142.pdb”(使用“fltk.lib(fl_cursor.obj)”或在“E:\Project\C++\PSP-Final\PSP_Big_Homework\Release\vc142.pdb”中寻找)；正在链接对象，如同没有调试信息一样
fltk.lib(fl_curve.obj) : warning LNK4099: 未找到 PDB“vc142.pdb”(使用“fltk.lib(fl_curve.obj)”或在“E:\Project\C++\PSP-Final\PSP_Big_Homework\Release\vc142.pdb”中寻找)；正在链接对象，如同没有调试信息一样
fltk.lib(Fl_Device.obj) : warning LNK4099: 未找到 PDB“vc142.pdb”(使用“fltk.lib(Fl_Device.obj)”或在“E:\Project\C++\PSP-Final\PSP_Big_Homework\Release\vc142.pdb”中寻找)；正在链接对象，如同没有调试信息一样
fltk.lib(fl_dnd.obj) : warning LNK4099: 未找到 PDB“vc142.pdb”(使用“fltk.lib(fl_dnd.obj)”或在“E:\Project\C++\PSP-Final\PSP_Big_Homework\Release\vc142.pdb”中寻找)；正在链接对象，如同没有调试信息一样
fltk.lib(Fl_Double_Window.obj) : warning LNK4099: 未找到 PDB“vc142.pdb”(使用“fltk.lib(Fl_Double_Window.obj)”或在“E:\Project\C++\PSP-Final\PSP_Big_Homework\Release\vc142.pdb”中寻找)；正在链接对象，如同没有调试信息一样
fltk.lib(fl_draw.obj) : warning LNK4099: 未找到 PDB“vc142.pdb”(使用“fltk.lib(fl_draw.obj)”或在“E:\Project\C++\PSP-Final\PSP_Big_Homework\Release\vc142.pdb”中寻找)；正在链接对象，如同没有调试信息一样
fltk.lib(fl_draw_image.obj) : warning LNK4099: 未找到 PDB“vc142.pdb”(使用“fltk.lib(fl_draw_image.obj)”或在“E:\Project\C++\PSP-Final\PSP_Big_Homework\Release\vc142.pdb”中寻找)；正在链接对象，如同没有调试信息一样
fltk.lib(fl_draw_pixmap.obj) : warning LNK4099: 未找到 PDB“vc142.pdb”(使用“fltk.lib(fl_draw_pixmap.obj)”或在“E:\Project\C++\PSP-Final\PSP_Big_Homework\Release\vc142.pdb”中寻找)；正在链接对象，如同没有调试信息一样
fltk.lib(fl_font.obj) : warning LNK4099: 未找到 PDB“vc142.pdb”(使用“fltk.lib(fl_font.obj)”或在“E:\Project\C++\PSP-Final\PSP_Big_Homework\Release\vc142.pdb”中寻找)；正在链接对象，如同没有调试信息一样
fltk.lib(Fl_get_system_colors.obj) : warning LNK4099: 未找到 PDB“vc142.pdb”(使用“fltk.lib(Fl_get_system_colors.obj)”或在“E:\Project\C++\PSP-Final\PSP_Big_Homework\Release\vc142.pdb”中寻找)；正在链接对象，如同没有调试信息一样
fltk.lib(Fl_grab.obj) : warning LNK4099: 未找到 PDB“vc142.pdb”(使用“fltk.lib(Fl_grab.obj)”或在“E:\Project\C++\PSP-Final\PSP_Big_Homework\Release\vc142.pdb”中寻找)；正在链接对象，如同没有调试信息一样
fltk.lib(Fl_Group.obj) : warning LNK4099: 未找到 PDB“vc142.pdb”(使用“fltk.lib(Fl_Group.obj)”或在“E:\Project\C++\PSP-Final\PSP_Big_Homework\Release\vc142.pdb”中寻找)；正在链接对象，如同没有调试信息一样
fltk.lib(fl_gtk.obj) : warning LNK4099: 未找到 PDB“vc142.pdb”(使用“fltk.lib(fl_gtk.obj)”或在“E:\Project\C++\PSP-Final\PSP_Big_Homework\Release\vc142.pdb”中寻找)；正在链接对象，如同没有调试信息一样
fltk.lib(fl_gleam.obj) : warning LNK4099: 未找到 PDB“vc142.pdb”(使用“fltk.lib(fl_gleam.obj)”或在“E:\Project\C++\PSP-Final\PSP_Big_Homework\Release\vc142.pdb”中寻找)；正在链接对象，如同没有调试信息一样
fltk.lib(Fl_Image.obj) : warning LNK4099: 未找到 PDB“vc142.pdb”(使用“fltk.lib(Fl_Image.obj)”或在“E:\Project\C++\PSP-Final\PSP_Big_Homework\Release\vc142.pdb”中寻找)；正在链接对象，如同没有调试信息一样
fltk.lib(Fl_Input.obj) : warning LNK4099: 未找到 PDB“vc142.pdb”(使用“fltk.lib(Fl_Input.obj)”或在“E:\Project\C++\PSP-Final\PSP_Big_Homework\Release\vc142.pdb”中寻找)；正在链接对象，如同没有调试信息一样
fltk.lib(Fl_Input_.obj) : warning LNK4099: 未找到 PDB“vc142.pdb”(使用“fltk.lib(Fl_Input_.obj)”或在“E:\Project\C++\PSP-Final\PSP_Big_Homework\Release\vc142.pdb”中寻找)；正在链接对象，如同没有调试信息一样
fltk.lib(fl_labeltype.obj) : warning LNK4099: 未找到 PDB“vc142.pdb”(使用“fltk.lib(fl_labeltype.obj)”或在“E:\Project\C++\PSP-Final\PSP_Big_Homework\Release\vc142.pdb”中寻找)；正在链接对象，如同没有调试信息一样
fltk.lib(fl_line_style.obj) : warning LNK4099: 未找到 PDB“vc142.pdb”(使用“fltk.lib(fl_line_style.obj)”或在“E:\Project\C++\PSP-Final\PSP_Big_Homework\Release\vc142.pdb”中寻找)；正在链接对象，如同没有调试信息一样
fltk.lib(Fl_lock.obj) : warning LNK4099: 未找到 PDB“vc142.pdb”(使用“fltk.lib(Fl_lock.obj)”或在“E:\Project\C++\PSP-Final\PSP_Big_Homework\Release\vc142.pdb”中寻找)；正在链接对象，如同没有调试信息一样
fltk.lib(Fl_Menu.obj) : warning LNK4099: 未找到 PDB“vc142.pdb”(使用“fltk.lib(Fl_Menu.obj)”或在“E:\Project\C++\PSP-Final\PSP_Big_Homework\Release\vc142.pdb”中寻找)；正在链接对象，如同没有调试信息一样
fltk.lib(Fl_Menu_.obj) : warning LNK4099: 未找到 PDB“vc142.pdb”(使用“fltk.lib(Fl_Menu_.obj)”或在“E:\Project\C++\PSP-Final\PSP_Big_Homework\Release\vc142.pdb”中寻找)；正在链接对象，如同没有调试信息一样
fltk.lib(Fl_Menu_add.obj) : warning LNK4099: 未找到 PDB“vc142.pdb”(使用“fltk.lib(Fl_Menu_add.obj)”或在“E:\Project\C++\PSP-Final\PSP_Big_Homework\Release\vc142.pdb”中寻找)；正在链接对象，如同没有调试信息一样
fltk.lib(Fl_Menu_Button.obj) : warning LNK4099: 未找到 PDB“vc142.pdb”(使用“fltk.lib(Fl_Menu_Button.obj)”或在“E:\Project\C++\PSP-Final\PSP_Big_Homework\Release\vc142.pdb”中寻找)；正在链接对象，如同没有调试信息一样
fltk.lib(Fl_Menu_Window.obj) : warning LNK4099: 未找到 PDB“vc142.pdb”(使用“fltk.lib(Fl_Menu_Window.obj)”或在“E:\Project\C++\PSP-Final\PSP_Big_Homework\Release\vc142.pdb”中寻找)；正在链接对象，如同没有调试信息一样
fltk.lib(Fl_Overlay_Window.obj) : warning LNK4099: 未找到 PDB“vc142.pdb”(使用“fltk.lib(Fl_Overlay_Window.obj)”或在“E:\Project\C++\PSP-Final\PSP_Big_Homework\Release\vc142.pdb”中寻找)；正在链接对象，如同没有调试信息一样
fltk.lib(Fl_Pixmap.obj) : warning LNK4099: 未找到 PDB“vc142.pdb”(使用“fltk.lib(Fl_Pixmap.obj)”或在“E:\Project\C++\PSP-Final\PSP_Big_Homework\Release\vc142.pdb”中寻找)；正在链接对象，如同没有调试信息一样
fltk.lib(fl_plastic.obj) : warning LNK4099: 未找到 PDB“vc142.pdb”(使用“fltk.lib(fl_plastic.obj)”或在“E:\Project\C++\PSP-Final\PSP_Big_Homework\Release\vc142.pdb”中寻找)；正在链接对象，如同没有调试信息一样
fltk.lib(Fl_Preferences.obj) : warning LNK4099: 未找到 PDB“vc142.pdb”(使用“fltk.lib(Fl_Preferences.obj)”或在“E:\Project\C++\PSP-Final\PSP_Big_Homework\Release\vc142.pdb”中寻找)；正在链接对象，如同没有调试信息一样
fltk.lib(fl_read_image.obj) : warning LNK4099: 未找到 PDB“vc142.pdb”(使用“fltk.lib(fl_read_image.obj)”或在“E:\Project\C++\PSP-Final\PSP_Big_Homework\Release\vc142.pdb”中寻找)；正在链接对象，如同没有调试信息一样
fltk.lib(fl_rect.obj) : warning LNK4099: 未找到 PDB“vc142.pdb”(使用“fltk.lib(fl_rect.obj)”或在“E:\Project\C++\PSP-Final\PSP_Big_Homework\Release\vc142.pdb”中寻找)；正在链接对象，如同没有调试信息一样
fltk.lib(Fl_Repeat_Button.obj) : warning LNK4099: 未找到 PDB“vc142.pdb”(使用“fltk.lib(Fl_Repeat_Button.obj)”或在“E:\Project\C++\PSP-Final\PSP_Big_Homework\Release\vc142.pdb”中寻找)；正在链接对象，如同没有调试信息一样
fltk.lib(Fl_Return_Button.obj) : warning LNK4099: 未找到 PDB“vc142.pdb”(使用“fltk.lib(Fl_Return_Button.obj)”或在“E:\Project\C++\PSP-Final\PSP_Big_Homework\Release\vc142.pdb”中寻找)；正在链接对象，如同没有调试信息一样
fltk.lib(fl_round_box.obj) : warning LNK4099: 未找到 PDB“vc142.pdb”(使用“fltk.lib(fl_round_box.obj)”或在“E:\Project\C++\PSP-Final\PSP_Big_Homework\Release\vc142.pdb”中寻找)；正在链接对象，如同没有调试信息一样
fltk.lib(Fl_Shared_Image.obj) : warning LNK4099: 未找到 PDB“vc142.pdb”(使用“fltk.lib(Fl_Shared_Image.obj)”或在“E:\Project\C++\PSP-Final\PSP_Big_Homework\Release\vc142.pdb”中寻找)；正在链接对象，如同没有调试信息一样
fltk.lib(fl_shortcut.obj) : warning LNK4099: 未找到 PDB“vc142.pdb”(使用“fltk.lib(fl_shortcut.obj)”或在“E:\Project\C++\PSP-Final\PSP_Big_Homework\Release\vc142.pdb”中寻找)；正在链接对象，如同没有调试信息一样
fltk.lib(Fl_Single_Window.obj) : warning LNK4099: 未找到 PDB“vc142.pdb”(使用“fltk.lib(Fl_Single_Window.obj)”或在“E:\Project\C++\PSP-Final\PSP_Big_Homework\Release\vc142.pdb”中寻找)；正在链接对象，如同没有调试信息一样
fltk.lib(fl_symbols.obj) : warning LNK4099: 未找到 PDB“vc142.pdb”(使用“fltk.lib(fl_symbols.obj)”或在“E:\Project\C++\PSP-Final\PSP_Big_Homework\Release\vc142.pdb”中寻找)；正在链接对象，如同没有调试信息一样
fltk.lib(Fl_Tiled_Image.obj) : warning LNK4099: 未找到 PDB“vc142.pdb”(使用“fltk.lib(Fl_Tiled_Image.obj)”或在“E:\Project\C++\PSP-Final\PSP_Big_Homework\Release\vc142.pdb”中寻找)；正在链接对象，如同没有调试信息一样
fltk.lib(Fl_Tooltip.obj) : warning LNK4099: 未找到 PDB“vc142.pdb”(使用“fltk.lib(Fl_Tooltip.obj)”或在“E:\Project\C++\PSP-Final\PSP_Big_Homework\Release\vc142.pdb”中寻找)；正在链接对象，如同没有调试信息一样
fltk.lib(fl_utf.obj) : warning LNK4099: 未找到 PDB“vc142.pdb”(使用“fltk.lib(fl_utf.obj)”或在“E:\Project\C++\PSP-Final\PSP_Big_Homework\Release\vc142.pdb”中寻找)；正在链接对象，如同没有调试信息一样
fltk.lib(fl_utf8.obj) : warning LNK4099: 未找到 PDB“vc142.pdb”(使用“fltk.lib(fl_utf8.obj)”或在“E:\Project\C++\PSP-Final\PSP_Big_Homework\Release\vc142.pdb”中寻找)；正在链接对象，如同没有调试信息一样
fltk.lib(fl_vertex.obj) : warning LNK4099: 未找到 PDB“vc142.pdb”(使用“fltk.lib(fl_vertex.obj)”或在“E:\Project\C++\PSP-Final\PSP_Big_Homework\Release\vc142.pdb”中寻找)；正在链接对象，如同没有调试信息一样
fltk.lib(Fl_Widget.obj) : warning LNK4099: 未找到 PDB“vc142.pdb”(使用“fltk.lib(Fl_Widget.obj)”或在“E:\Project\C++\PSP-Final\PSP_Big_Homework\Release\vc142.pdb”中寻找)；正在链接对象，如同没有调试信息一样
fltk.lib(Fl_Window.obj) : warning LNK4099: 未找到 PDB“vc142.pdb”(使用“fltk.lib(Fl_Window.obj)”或在“E:\Project\C++\PSP-Final\PSP_Big_Homework\Release\vc142.pdb”中寻找)；正在链接对象，如同没有调试信息一样
fltk.lib(Fl_Window_fullscreen.obj) : warning LNK4099: 未找到 PDB“vc142.pdb”(使用“fltk.lib(Fl_Window_fullscreen.obj)”或在“E:\Project\C++\PSP-Final\PSP_Big_Homework\Release\vc142.pdb”中寻找)；正在链接对象，如同没有调试信息一样
fltk.lib(Fl_Window_hotspot.obj) : warning LNK4099: 未找到 PDB“vc142.pdb”(使用“fltk.lib(Fl_Window_hotspot.obj)”或在“E:\Project\C++\PSP-Final\PSP_Big_Homework\Release\vc142.pdb”中寻找)；正在链接对象，如同没有调试信息一样
fltk.lib(Fl_Window_shape.obj) : warning LNK4099: 未找到 PDB“vc142.pdb”(使用“fltk.lib(Fl_Window_shape.obj)”或在“E:\Project\C++\PSP-Final\PSP_Big_Homework\Release\vc142.pdb”中寻找)；正在链接对象，如同没有调试信息一样
fltk.lib(Fl_XBM_Image.obj) : warning LNK4099: 未找到 PDB“vc142.pdb”(使用“fltk.lib(Fl_XBM_Image.obj)”或在“E:\Project\C++\PSP-Final\PSP_Big_Homework\Release\vc142.pdb”中寻找)；正在链接对象，如同没有调试信息一样
fltk.lib(Fl_XPM_Image.obj) : warning LNK4099: 未找到 PDB“vc142.pdb”(使用“fltk.lib(Fl_XPM_Image.obj)”或在“E:\Project\C++\PSP-Final\PSP_Big_Homework\Release\vc142.pdb”中寻找)；正在链接对象，如同没有调试信息一样
fltk.lib(flstring.obj) : warning LNK4099: 未找到 PDB“vc142.pdb”(使用“fltk.lib(flstring.obj)”或在“E:\Project\C++\PSP-Final\PSP_Big_Homework\Release\vc142.pdb”中寻找)；正在链接对象，如同没有调试信息一样
fltk.lib(is_spacing.obj) : warning LNK4099: 未找到 PDB“vc142.pdb”(使用“fltk.lib(is_spacing.obj)”或在“E:\Project\C++\PSP-Final\PSP_Big_Homework\Release\vc142.pdb”中寻找)；正在链接对象，如同没有调试信息一样
fltk.lib(numericsort.obj) : warning LNK4099: 未找到 PDB“vc142.pdb”(使用“fltk.lib(numericsort.obj)”或在“E:\Project\C++\PSP-Final\PSP_Big_Homework\Release\vc142.pdb”中寻找)；正在链接对象，如同没有调试信息一样
fltk.lib(scandir.obj) : warning LNK4099: 未找到 PDB“vc142.pdb”(使用“fltk.lib(scandir.obj)”或在“E:\Project\C++\PSP-Final\PSP_Big_Homework\Release\vc142.pdb”中寻找)；正在链接对象，如同没有调试信息一样
fltk.lib(screen_xywh.obj) : warning LNK4099: 未找到 PDB“vc142.pdb”(使用“fltk.lib(screen_xywh.obj)”或在“E:\Project\C++\PSP-Final\PSP_Big_Homework\Release\vc142.pdb”中寻找)；正在链接对象，如同没有调试信息一样
fltk.lib(vsnprintf.obj) : warning LNK4099: 未找到 PDB“vc142.pdb”(使用“fltk.lib(vsnprintf.obj)”或在“E:\Project\C++\PSP-Final\PSP_Big_Homework\Release\vc142.pdb”中寻找)；正在链接对象，如同没有调试信息一样
fltkjpeg.lib(jcomapi.obj) : warning LNK4099: 未找到 PDB“vc142.pdb”(使用“fltkjpeg.lib(jcomapi.obj)”或在“E:\Project\C++\PSP-Final\PSP_Big_Homework\Release\vc142.pdb”中寻找)；正在链接对象，如同没有调试信息一样
fltkjpeg.lib(jaricom.obj) : warning LNK4099: 未找到 PDB“vc142.pdb”(使用“fltkjpeg.lib(jaricom.obj)”或在“E:\Project\C++\PSP-Final\PSP_Big_Homework\Release\vc142.pdb”中寻找)；正在链接对象，如同没有调试信息一样
fltkjpeg.lib(jdarith.obj) : warning LNK4099: 未找到 PDB“vc142.pdb”(使用“fltkjpeg.lib(jdarith.obj)”或在“E:\Project\C++\PSP-Final\PSP_Big_Homework\Release\vc142.pdb”中寻找)；正在链接对象，如同没有调试信息一样
fltkjpeg.lib(jdapimin.obj) : warning LNK4099: 未找到 PDB“vc142.pdb”(使用“fltkjpeg.lib(jdapimin.obj)”或在“E:\Project\C++\PSP-Final\PSP_Big_Homework\Release\vc142.pdb”中寻找)；正在链接对象，如同没有调试信息一样
fltkjpeg.lib(jdapistd.obj) : warning LNK4099: 未找到 PDB“vc142.pdb”(使用“fltkjpeg.lib(jdapistd.obj)”或在“E:\Project\C++\PSP-Final\PSP_Big_Homework\Release\vc142.pdb”中寻找)；正在链接对象，如同没有调试信息一样
fltkjpeg.lib(jdatasrc.obj) : warning LNK4099: 未找到 PDB“vc142.pdb”(使用“fltkjpeg.lib(jdatasrc.obj)”或在“E:\Project\C++\PSP-Final\PSP_Big_Homework\Release\vc142.pdb”中寻找)；正在链接对象，如同没有调试信息一样
fltkjpeg.lib(jdcoefct.obj) : warning LNK4099: 未找到 PDB“vc142.pdb”(使用“fltkjpeg.lib(jdcoefct.obj)”或在“E:\Project\C++\PSP-Final\PSP_Big_Homework\Release\vc142.pdb”中寻找)；正在链接对象，如同没有调试信息一样
fltkjpeg.lib(jdcolor.obj) : warning LNK4099: 未找到 PDB“vc142.pdb”(使用“fltkjpeg.lib(jdcolor.obj)”或在“E:\Project\C++\PSP-Final\PSP_Big_Homework\Release\vc142.pdb”中寻找)；正在链接对象，如同没有调试信息一样
fltkjpeg.lib(jddctmgr.obj) : warning LNK4099: 未找到 PDB“vc142.pdb”(使用“fltkjpeg.lib(jddctmgr.obj)”或在“E:\Project\C++\PSP-Final\PSP_Big_Homework\Release\vc142.pdb”中寻找)；正在链接对象，如同没有调试信息一样
fltkjpeg.lib(jdhuff.obj) : warning LNK4099: 未找到 PDB“vc142.pdb”(使用“fltkjpeg.lib(jdhuff.obj)”或在“E:\Project\C++\PSP-Final\PSP_Big_Homework\Release\vc142.pdb”中寻找)；正在链接对象，如同没有调试信息一样
fltkjpeg.lib(jdinput.obj) : warning LNK4099: 未找到 PDB“vc142.pdb”(使用“fltkjpeg.lib(jdinput.obj)”或在“E:\Project\C++\PSP-Final\PSP_Big_Homework\Release\vc142.pdb”中寻找)；正在链接对象，如同没有调试信息一样
fltkjpeg.lib(jdmainct.obj) : warning LNK4099: 未找到 PDB“vc142.pdb”(使用“fltkjpeg.lib(jdmainct.obj)”或在“E:\Project\C++\PSP-Final\PSP_Big_Homework\Release\vc142.pdb”中寻找)；正在链接对象，如同没有调试信息一样
fltkjpeg.lib(jdmarker.obj) : warning LNK4099: 未找到 PDB“vc142.pdb”(使用“fltkjpeg.lib(jdmarker.obj)”或在“E:\Project\C++\PSP-Final\PSP_Big_Homework\Release\vc142.pdb”中寻找)；正在链接对象，如同没有调试信息一样
fltkjpeg.lib(jdmaster.obj) : warning LNK4099: 未找到 PDB“vc142.pdb”(使用“fltkjpeg.lib(jdmaster.obj)”或在“E:\Project\C++\PSP-Final\PSP_Big_Homework\Release\vc142.pdb”中寻找)；正在链接对象，如同没有调试信息一样
fltkjpeg.lib(jdmerge.obj) : warning LNK4099: 未找到 PDB“vc142.pdb”(使用“fltkjpeg.lib(jdmerge.obj)”或在“E:\Project\C++\PSP-Final\PSP_Big_Homework\Release\vc142.pdb”中寻找)；正在链接对象，如同没有调试信息一样
fltkjpeg.lib(jdpostct.obj) : warning LNK4099: 未找到 PDB“vc142.pdb”(使用“fltkjpeg.lib(jdpostct.obj)”或在“E:\Project\C++\PSP-Final\PSP_Big_Homework\Release\vc142.pdb”中寻找)；正在链接对象，如同没有调试信息一样
fltkjpeg.lib(jdsample.obj) : warning LNK4099: 未找到 PDB“vc142.pdb”(使用“fltkjpeg.lib(jdsample.obj)”或在“E:\Project\C++\PSP-Final\PSP_Big_Homework\Release\vc142.pdb”中寻找)；正在链接对象，如同没有调试信息一样
fltkjpeg.lib(jerror.obj) : warning LNK4099: 未找到 PDB“vc142.pdb”(使用“fltkjpeg.lib(jerror.obj)”或在“E:\Project\C++\PSP-Final\PSP_Big_Homework\Release\vc142.pdb”中寻找)；正在链接对象，如同没有调试信息一样
fltkjpeg.lib(jidctflt.obj) : warning LNK4099: 未找到 PDB“vc142.pdb”(使用“fltkjpeg.lib(jidctflt.obj)”或在“E:\Project\C++\PSP-Final\PSP_Big_Homework\Release\vc142.pdb”中寻找)；正在链接对象，如同没有调试信息一样
fltkjpeg.lib(jidctfst.obj) : warning LNK4099: 未找到 PDB“vc142.pdb”(使用“fltkjpeg.lib(jidctfst.obj)”或在“E:\Project\C++\PSP-Final\PSP_Big_Homework\Release\vc142.pdb”中寻找)；正在链接对象，如同没有调试信息一样
fltkjpeg.lib(jidctint.obj) : warning LNK4099: 未找到 PDB“vc142.pdb”(使用“fltkjpeg.lib(jidctint.obj)”或在“E:\Project\C++\PSP-Final\PSP_Big_Homework\Release\vc142.pdb”中寻找)；正在链接对象，如同没有调试信息一样
fltkjpeg.lib(jmemmgr.obj) : warning LNK4099: 未找到 PDB“vc142.pdb”(使用“fltkjpeg.lib(jmemmgr.obj)”或在“E:\Project\C++\PSP-Final\PSP_Big_Homework\Release\vc142.pdb”中寻找)；正在链接对象，如同没有调试信息一样
fltkjpeg.lib(jmemnobs.obj) : warning LNK4099: 未找到 PDB“vc142.pdb”(使用“fltkjpeg.lib(jmemnobs.obj)”或在“E:\Project\C++\PSP-Final\PSP_Big_Homework\Release\vc142.pdb”中寻找)；正在链接对象，如同没有调试信息一样
fltkjpeg.lib(jquant1.obj) : warning LNK4099: 未找到 PDB“vc142.pdb”(使用“fltkjpeg.lib(jquant1.obj)”或在“E:\Project\C++\PSP-Final\PSP_Big_Homework\Release\vc142.pdb”中寻找)；正在链接对象，如同没有调试信息一样
fltkjpeg.lib(jquant2.obj) : warning LNK4099: 未找到 PDB“vc142.pdb”(使用“fltkjpeg.lib(jquant2.obj)”或在“E:\Project\C++\PSP-Final\PSP_Big_Homework\Release\vc142.pdb”中寻找)；正在链接对象，如同没有调试信息一样
fltkjpeg.lib(jutils.obj) : warning LNK4099: 未找到 PDB“vc142.pdb”(使用“fltkjpeg.lib(jutils.obj)”或在“E:\Project\C++\PSP-Final\PSP_Big_Homework\Release\vc142.pdb”中寻找)；正在链接对象，如同没有调试信息一样
fltkimages.lib(Fl_GIF_Image.obj) : warning LNK4099: 未找到 PDB“vc142.pdb”(使用“fltkimages.lib(Fl_GIF_Image.obj)”或在“E:\Project\C++\PSP-Final\PSP_Big_Homework\Release\vc142.pdb”中寻找)；正在链接对象，如同没有调试信息一样
fltkimages.lib(Fl_JPEG_Image.obj) : warning LNK4099: 未找到 PDB“vc142.pdb”(使用“fltkimages.lib(Fl_JPEG_Image.obj)”或在“E:\Project\C++\PSP-Final\PSP_Big_Homework\Release\vc142.pdb”中寻找)；正在链接对象，如同没有调试信息一样
  PSP-Final.vcxproj -> E:\Project\C++\PSP-Final\PSP_Big_Homework\Release\PSP-Final.exe
